# JRE version: Java(TM) SE Runtime Environment (8.0_111-b14) (build 1.8.0_111-b14)
# Java VM: Java HotSpot(TM) 64-Bit Server VM (25.111-b14 mixed mode windows-amd64 compressed oops)
Heap:
 PSYoungGen      total 242688K, used 17236K [0x00000000d6300000, 0x00000000e6f80000, 0x0000000100000000)
  eden space 235008K, 4% used [0x00000000d6300000,0x00000000d6c6fc40,0x00000000e4880000)
  from space 7680K, 98% used [0x00000000e6800000,0x00000000e6f655a0,0x00000000e6f80000)
  to   space 14848K, 0% used [0x00000000e5280000,0x00000000e5280000,0x00000000e6100000)
 ParOldGen       total 88576K, used 22804K [0x0000000082800000, 0x0000000087e80000, 0x00000000d6300000)
  object space 88576K, 25% used [0x0000000082800000,0x0000000083e451f8,0x0000000087e80000)
 Metaspace       used 40415K, capacity 40878K, committed 41472K, reserved 1085440K
  class space    used 4857K, capacity 5005K, committed 5120K, reserved 1048576K
GC Heap History (10 events):
Event: 7.129 GC heap before
{Heap before GC invocations=8 (full 1):
 PSYoungGen      total 116224K, used 116159K [0x00000000d6300000, 0x00000000df300000, 0x0000000100000000)
  eden space 111616K, 100% used [0x00000000d6300000,0x00000000dd000000,0x00000000dd000000)
  from space 4608K, 98% used [0x00000000dee80000,0x00000000df2efd58,0x00000000df300000)
  to   space 11776K, 0% used [0x00000000ddc00000,0x00000000ddc00000,0x00000000de780000)
 ParOldGen       total 57856K, used 9794K [0x0000000082800000, 0x0000000086080000, 0x00000000d6300000)
  object space 57856K, 16% used [0x0000000082800000,0x00000000831908c0,0x0000000086080000)
 Metaspace       used 28157K, capacity 28516K, committed 28672K, reserved 1075200K
  class space    used 3419K, capacity 3513K, committed 3584K, reserved 1048576K
Event: 7.143 GC heap after
Heap after GC invocations=8 (full 1):
 PSYoungGen      total 135680K, used 8634K [0x00000000d6300000, 0x00000000e2e80000, 0x0000000100000000)
  eden space 123904K, 0% used [0x00000000d6300000,0x00000000d6300000,0x00000000ddc00000)
  from space 11776K, 73% used [0x00000000ddc00000,0x00000000de46eb88,0x00000000de780000)
  to   space 12288K, 0% used [0x00000000e2280000,0x00000000e2280000,0x00000000e2e80000)
 ParOldGen       total 57856K, used 9802K [0x0000000082800000, 0x0000000086080000, 0x00000000d6300000)
  object space 57856K, 16% used [0x0000000082800000,0x00000000831928c0,0x0000000086080000)
 Metaspace       used 28157K, capacity 28516K, committed 28672K, reserved 1075200K
  class space    used 3419K, capacity 3513K, committed 3584K, reserved 1048576K
}
Event: 9.988 GC heap before
{Heap before GC invocations=9 (full 1):
 PSYoungGen      total 135680K, used 132538K [0x00000000d6300000, 0x00000000e2e80000, 0x0000000100000000)
  eden space 123904K, 100% used [0x00000000d6300000,0x00000000ddc00000,0x00000000ddc00000)
  from space 11776K, 73% used [0x00000000ddc00000,0x00000000de46eb88,0x00000000de780000)
  to   space 12288K, 0% used [0x00000000e2280000,0x00000000e2280000,0x00000000e2e80000)
 ParOldGen       total 57856K, used 9802K [0x0000000082800000, 0x0000000086080000, 0x00000000d6300000)
  object space 57856K, 16% used [0x0000000082800000,0x00000000831928c0,0x0000000086080000)
 Metaspace       used 31607K, capacity 31998K, committed 32384K, reserved 1077248K
  class space    used 3801K, capacity 3921K, committed 3968K, reserved 1048576K
Event: 10.013 GC heap after
Heap after GC invocations=9 (full 1):
 PSYoungGen      total 194560K, used 12287K [0x00000000d6300000, 0x00000000e3f80000, 0x0000000100000000)
  eden space 182272K, 0% used [0x00000000d6300000,0x00000000d6300000,0x00000000e1500000)
  from space 12288K, 99% used [0x00000000e2280000,0x00000000e2e7fec0,0x00000000e2e80000)
  to   space 13824K, 0% used [0x00000000e1500000,0x00000000e1500000,0x00000000e2280000)
 ParOldGen       total 57856K, used 9830K [0x0000000082800000, 0x0000000086080000, 0x00000000d6300000)
  object space 57856K, 16% used [0x0000000082800000,0x0000000083199ac0,0x0000000086080000)
 Metaspace       used 31607K, capacity 31998K, committed 32384K, reserved 1077248K
  class space    used 3801K, capacity 3921K, committed 3968K, reserved 1048576K
}
Event: 11.318 GC heap before
{Heap before GC invocations=10 (full 1):
 PSYoungGen      total 194560K, used 83767K [0x00000000d6300000, 0x00000000e3f80000, 0x0000000100000000)
  eden space 182272K, 39% used [0x00000000d6300000,0x00000000da8ce0f0,0x00000000e1500000)
  from space 12288K, 99% used [0x00000000e2280000,0x00000000e2e7fec0,0x00000000e2e80000)
  to   space 13824K, 0% used [0x00000000e1500000,0x00000000e1500000,0x00000000e2280000)
 ParOldGen       total 57856K, used 9830K [0x0000000082800000, 0x0000000086080000, 0x00000000d6300000)
  object space 57856K, 16% used [0x0000000082800000,0x0000000083199ac0,0x0000000086080000)
 Metaspace       used 34907K, capacity 35274K, committed 35496K, reserved 1081344K
  class space    used 4208K, capacity 4347K, committed 4352K, reserved 1048576K
Event: 11.380 GC heap after
Heap after GC invocations=10 (full 1):
 PSYoungGen      total 196096K, used 12913K [0x00000000d6300000, 0x00000000e7700000, 0x0000000100000000)
  eden space 182272K, 0% used [0x00000000d6300000,0x00000000d6300000,0x00000000e1500000)
  from space 13824K, 93% used [0x00000000e1500000,0x00000000e219c798,0x00000000e2280000)
  to   space 15360K, 0% used [0x00000000e6800000,0x00000000e6800000,0x00000000e7700000)
 ParOldGen       total 57856K, used 11278K [0x0000000082800000, 0x0000000086080000, 0x00000000d6300000)
  object space 57856K, 19% used [0x0000000082800000,0x0000000083303ac0,0x0000000086080000)
 Metaspace       used 34907K, capacity 35274K, committed 35496K, reserved 1081344K
  class space    used 4208K, capacity 4347K, committed 4352K, reserved 1048576K
}
Event: 11.380 GC heap before
{Heap before GC invocations=11 (full 2):
 PSYoungGen      total 196096K, used 12913K [0x00000000d6300000, 0x00000000e7700000, 0x0000000100000000)
  eden space 182272K, 0% used [0x00000000d6300000,0x00000000d6300000,0x00000000e1500000)
  from space 13824K, 93% used [0x00000000e1500000,0x00000000e219c798,0x00000000e2280000)
  to   space 15360K, 0% used [0x00000000e6800000,0x00000000e6800000,0x00000000e7700000)
 ParOldGen       total 57856K, used 11278K [0x0000000082800000, 0x0000000086080000, 0x00000000d6300000)
  object space 57856K, 19% used [0x0000000082800000,0x0000000083303ac0,0x0000000086080000)
 Metaspace       used 34907K, capacity 35274K, committed 35496K, reserved 1081344K
  class space    used 4208K, capacity 4347K, committed 4352K, reserved 1048576K
Event: 11.655 GC heap after
Heap after GC invocations=11 (full 2):
 PSYoungGen      total 196096K, used 0K [0x00000000d6300000, 0x00000000e7700000, 0x0000000100000000)
  eden space 182272K, 0% used [0x00000000d6300000,0x00000000d6300000,0x00000000e1500000)
  from space 13824K, 0% used [0x00000000e1500000,0x00000000e1500000,0x00000000e2280000)
  to   space 15360K, 0% used [0x00000000e6800000,0x00000000e6800000,0x00000000e7700000)
 ParOldGen       total 88576K, used 22796K [0x0000000082800000, 0x0000000087e80000, 0x00000000d6300000)
  object space 88576K, 25% used [0x0000000082800000,0x0000000083e431f8,0x0000000087e80000)
 Metaspace       used 34907K, capacity 35274K, committed 35496K, reserved 1081344K
  class space    used 4208K, capacity 4347K, committed 4352K, reserved 1048576K
}
Event: 774.962 GC heap before
{Heap before GC invocations=12 (full 2):
 PSYoungGen      total 196096K, used 182272K [0x00000000d6300000, 0x00000000e7700000, 0x0000000100000000)
  eden space 182272K, 100% used [0x00000000d6300000,0x00000000e1500000,0x00000000e1500000)
  from space 13824K, 0% used [0x00000000e1500000,0x00000000e1500000,0x00000000e2280000)
  to   space 15360K, 0% used [0x00000000e6800000,0x00000000e6800000,0x00000000e7700000)
 ParOldGen       total 88576K, used 22796K [0x0000000082800000, 0x0000000087e80000, 0x00000000d6300000)
  object space 88576K, 25% used [0x0000000082800000,0x0000000083e431f8,0x0000000087e80000)
 Metaspace       used 40408K, capacity 40878K, committed 41472K, reserved 1085440K
  class space    used 4857K, capacity 5005K, committed 5120K, reserved 1048576K
Event: 774.975 GC heap after
Heap after GC invocations=12 (full 2):
 PSYoungGen      total 242688K, used 7573K [0x00000000d6300000, 0x00000000e6f80000, 0x0000000100000000)
  eden space 235008K, 0% used [0x00000000d6300000,0x00000000d6300000,0x00000000e4880000)
  from space 7680K, 98% used [0x00000000e6800000,0x00000000e6f655a0,0x00000000e6f80000)
  to   space 14848K, 0% used [0x00000000e5280000,0x00000000e5280000,0x00000000e6100000)
 ParOldGen       total 88576K, used 22804K [0x0000000082800000, 0x0000000087e80000, 0x00000000d6300000)
  object space 88576K, 25% used [0x0000000082800000,0x0000000083e451f8,0x0000000087e80000)
 Metaspace       used 40408K, capacity 40878K, committed 41472K, reserved 1085440K
  class space    used 4857K, capacity 5005K, committed 5120K, reserved 1048576K
}

