# JRE version: Java(TM) SE Runtime Environment (8.0_111-b14) (build 1.8.0_111-b14)
# Java VM: Java HotSpot(TM) 64-Bit Server VM (25.111-b14 mixed mode windows-amd64 compressed oops)
Heap:
 PSYoungGen      total 179200K, used 16627K [0x00000000d6300000, 0x00000000e2680000, 0x0000000100000000)
  eden space 171520K, 5% used [0x00000000d6300000,0x00000000d6bce340,0x00000000e0a80000)
  from space 7680K, 99% used [0x00000000e1f00000,0x00000000e266ebe8,0x00000000e2680000)
  to   space 13824K, 0% used [0x00000000e0b80000,0x00000000e0b80000,0x00000000e1900000)
 ParOldGen       total 102912K, used 22004K [0x0000000082800000, 0x0000000088c80000, 0x00000000d6300000)
  object space 102912K, 21% used [0x0000000082800000,0x0000000083d7d2f0,0x0000000088c80000)
 Metaspace       used 40333K, capacity 40794K, committed 41216K, reserved 1085440K
  class space    used 4951K, capacity 5089K, committed 5120K, reserved 1048576K
GC Heap History (10 events):
Event: 12.929 GC heap before
{Heap before GC invocations=8 (full 1):
 PSYoungGen      total 99328K, used 96964K [0x00000000d6300000, 0x00000000dd080000, 0x0000000100000000)
  eden space 90624K, 100% used [0x00000000d6300000,0x00000000dbb80000,0x00000000dbb80000)
  from space 8704K, 72% used [0x00000000dc800000,0x00000000dce313d0,0x00000000dd080000)
  to   space 10752K, 0% used [0x00000000dbb80000,0x00000000dbb80000,0x00000000dc600000)
 ParOldGen       total 68096K, used 11342K [0x0000000082800000, 0x0000000086a80000, 0x00000000d6300000)
  object space 68096K, 16% used [0x0000000082800000,0x00000000833138c8,0x0000000086a80000)
 Metaspace       used 29605K, capacity 30034K, committed 30464K, reserved 1075200K
  class space    used 3649K, capacity 3756K, committed 3840K, reserved 1048576K
Event: 13.004 GC heap after
Heap after GC invocations=8 (full 1):
 PSYoungGen      total 101376K, used 8164K [0x00000000d6300000, 0x00000000dfd00000, 0x0000000100000000)
  eden space 90624K, 0% used [0x00000000d6300000,0x00000000d6300000,0x00000000dbb80000)
  from space 10752K, 75% used [0x00000000dbb80000,0x00000000dc3792b0,0x00000000dc600000)
  to   space 10752K, 0% used [0x00000000df280000,0x00000000df280000,0x00000000dfd00000)
 ParOldGen       total 68096K, used 11350K [0x0000000082800000, 0x0000000086a80000, 0x00000000d6300000)
  object space 68096K, 16% used [0x0000000082800000,0x00000000833158c8,0x0000000086a80000)
 Metaspace       used 29605K, capacity 30034K, committed 30464K, reserved 1075200K
  class space    used 3649K, capacity 3756K, committed 3840K, reserved 1048576K
}
Event: 16.545 GC heap before
{Heap before GC invocations=9 (full 1):
 PSYoungGen      total 101376K, used 98788K [0x00000000d6300000, 0x00000000dfd00000, 0x0000000100000000)
  eden space 90624K, 100% used [0x00000000d6300000,0x00000000dbb80000,0x00000000dbb80000)
  from space 10752K, 75% used [0x00000000dbb80000,0x00000000dc3792b0,0x00000000dc600000)
  to   space 10752K, 0% used [0x00000000df280000,0x00000000df280000,0x00000000dfd00000)
 ParOldGen       total 68096K, used 11350K [0x0000000082800000, 0x0000000086a80000, 0x00000000d6300000)
  object space 68096K, 16% used [0x0000000082800000,0x00000000833158c8,0x0000000086a80000)
 Metaspace       used 32290K, capacity 32770K, committed 33024K, reserved 1079296K
  class space    used 3917K, capacity 4030K, committed 4096K, reserved 1048576K
Event: 16.581 GC heap after
Heap after GC invocations=9 (full 1):
 PSYoungGen      total 144384K, used 10723K [0x00000000d6300000, 0x00000000dfd80000, 0x0000000100000000)
  eden space 133632K, 0% used [0x00000000d6300000,0x00000000d6300000,0x00000000de580000)
  from space 10752K, 99% used [0x00000000df280000,0x00000000dfcf8ea8,0x00000000dfd00000)
  to   space 12288K, 0% used [0x00000000de580000,0x00000000de580000,0x00000000df180000)
 ParOldGen       total 68096K, used 12705K [0x0000000082800000, 0x0000000086a80000, 0x00000000d6300000)
  object space 68096K, 18% used [0x0000000082800000,0x0000000083468708,0x0000000086a80000)
 Metaspace       used 32290K, capacity 32770K, committed 33024K, reserved 1079296K
  class space    used 3917K, capacity 4030K, committed 4096K, reserved 1048576K
}
Event: 17.329 GC heap before
{Heap before GC invocations=10 (full 1):
 PSYoungGen      total 144384K, used 47861K [0x00000000d6300000, 0x00000000dfd80000, 0x0000000100000000)
  eden space 133632K, 27% used [0x00000000d6300000,0x00000000d8744618,0x00000000de580000)
  from space 10752K, 99% used [0x00000000df280000,0x00000000dfcf8ea8,0x00000000dfd00000)
  to   space 12288K, 0% used [0x00000000de580000,0x00000000de580000,0x00000000df180000)
 ParOldGen       total 68096K, used 12705K [0x0000000082800000, 0x0000000086a80000, 0x00000000d6300000)
  object space 68096K, 18% used [0x0000000082800000,0x0000000083468708,0x0000000086a80000)
 Metaspace       used 34717K, capacity 35112K, committed 35456K, reserved 1081344K
  class space    used 4232K, capacity 4358K, committed 4480K, reserved 1048576K
Event: 17.359 GC heap after
Heap after GC invocations=10 (full 1):
 PSYoungGen      total 145920K, used 12267K [0x00000000d6300000, 0x00000000e2c80000, 0x0000000100000000)
  eden space 133632K, 0% used [0x00000000d6300000,0x00000000d6300000,0x00000000de580000)
  from space 12288K, 99% used [0x00000000de580000,0x00000000df17adf0,0x00000000df180000)
  to   space 13824K, 0% used [0x00000000e1f00000,0x00000000e1f00000,0x00000000e2c80000)
 ParOldGen       total 68096K, used 13615K [0x0000000082800000, 0x0000000086a80000, 0x00000000d6300000)
  object space 68096K, 19% used [0x0000000082800000,0x000000008354be28,0x0000000086a80000)
 Metaspace       used 34717K, capacity 35112K, committed 35456K, reserved 1081344K
  class space    used 4232K, capacity 4358K, committed 4480K, reserved 1048576K
}
Event: 17.360 GC heap before
{Heap before GC invocations=11 (full 2):
 PSYoungGen      total 145920K, used 12267K [0x00000000d6300000, 0x00000000e2c80000, 0x0000000100000000)
  eden space 133632K, 0% used [0x00000000d6300000,0x00000000d6300000,0x00000000de580000)
  from space 12288K, 99% used [0x00000000de580000,0x00000000df17adf0,0x00000000df180000)
  to   space 13824K, 0% used [0x00000000e1f00000,0x00000000e1f00000,0x00000000e2c80000)
 ParOldGen       total 68096K, used 13615K [0x0000000082800000, 0x0000000086a80000, 0x00000000d6300000)
  object space 68096K, 19% used [0x0000000082800000,0x000000008354be28,0x0000000086a80000)
 Metaspace       used 34717K, capacity 35112K, committed 35456K, reserved 1081344K
  class space    used 4232K, capacity 4358K, committed 4480K, reserved 1048576K
Event: 17.594 GC heap after
Heap after GC invocations=11 (full 2):
 PSYoungGen      total 145920K, used 0K [0x00000000d6300000, 0x00000000e2c80000, 0x0000000100000000)
  eden space 133632K, 0% used [0x00000000d6300000,0x00000000d6300000,0x00000000de580000)
  from space 12288K, 0% used [0x00000000de580000,0x00000000de580000,0x00000000df180000)
  to   space 13824K, 0% used [0x00000000e1f00000,0x00000000e1f00000,0x00000000e2c80000)
 ParOldGen       total 102912K, used 21996K [0x0000000082800000, 0x0000000088c80000, 0x00000000d6300000)
  object space 102912K, 21% used [0x0000000082800000,0x0000000083d7b2f0,0x0000000088c80000)
 Metaspace       used 34717K, capacity 35112K, committed 35456K, reserved 1081344K
  class space    used 4232K, capacity 4358K, committed 4480K, reserved 1048576K
}
Event: 54699.291 GC heap before
{Heap before GC invocations=12 (full 2):
 PSYoungGen      total 145920K, used 133632K [0x00000000d6300000, 0x00000000e2c80000, 0x0000000100000000)
  eden space 133632K, 100% used [0x00000000d6300000,0x00000000de580000,0x00000000de580000)
  from space 12288K, 0% used [0x00000000de580000,0x00000000de580000,0x00000000df180000)
  to   space 13824K, 0% used [0x00000000e1f00000,0x00000000e1f00000,0x00000000e2c80000)
 ParOldGen       total 102912K, used 21996K [0x0000000082800000, 0x0000000088c80000, 0x00000000d6300000)
  object space 102912K, 21% used [0x0000000082800000,0x0000000083d7b2f0,0x0000000088c80000)
 Metaspace       used 40312K, capacity 40730K, committed 41216K, reserved 1085440K
  class space    used 4950K, capacity 5089K, committed 5120K, reserved 1048576K
Event: 54699.371 GC heap after
Heap after GC invocations=12 (full 2):
 PSYoungGen      total 179200K, used 7610K [0x00000000d6300000, 0x00000000e2680000, 0x0000000100000000)
  eden space 171520K, 0% used [0x00000000d6300000,0x00000000d6300000,0x00000000e0a80000)
  from space 7680K, 99% used [0x00000000e1f00000,0x00000000e266ebe8,0x00000000e2680000)
  to   space 13824K, 0% used [0x00000000e0b80000,0x00000000e0b80000,0x00000000e1900000)
 ParOldGen       total 102912K, used 22004K [0x0000000082800000, 0x0000000088c80000, 0x00000000d6300000)
  object space 102912K, 21% used [0x0000000082800000,0x0000000083d7d2f0,0x0000000088c80000)
 Metaspace       used 40312K, capacity 40730K, committed 41216K, reserved 1085440K
  class space    used 4950K, capacity 5089K, committed 5120K, reserved 1048576K
}

