# JRE version: Java(TM) SE Runtime Environment (8.0_111-b14) (build 1.8.0_111-b14)
# Java VM: Java HotSpot(TM) 64-Bit Server VM (25.111-b14 mixed mode windows-amd64 compressed oops)
Heap:
 PSYoungGen      total 212480K, used 7859K [0x00000000d6300000, 0x00000000e4780000, 0x0000000100000000)
  eden space 204288K, 1% used [0x00000000d6300000,0x00000000d66b9ab8,0x00000000e2a80000)
  from space 8192K, 49% used [0x00000000e3f80000,0x00000000e4373428,0x00000000e4780000)
  to   space 14848K, 0% used [0x00000000e2a80000,0x00000000e2a80000,0x00000000e3900000)
 ParOldGen       total 100352K, used 21648K [0x0000000082800000, 0x0000000088a00000, 0x00000000d6300000)
  object space 100352K, 21% used [0x0000000082800000,0x0000000083d243a0,0x0000000088a00000)
 Metaspace       used 39728K, capacity 40232K, committed 40704K, reserved 1085440K
  class space    used 4889K, capacity 5054K, committed 5120K, reserved 1048576K
GC Heap History (10 events):
Event: 6.560 GC heap before
{Heap before GC invocations=10 (full 1):
 PSYoungGen      total 147968K, used 49467K [0x00000000d6300000, 0x00000000e0380000, 0x0000000100000000)
  eden space 136704K, 27% used [0x00000000d6300000,0x00000000d8850068,0x00000000de880000)
  from space 11264K, 99% used [0x00000000df500000,0x00000000dfffedf0,0x00000000e0000000)
  to   space 12800K, 0% used [0x00000000de880000,0x00000000de880000,0x00000000df500000)
 ParOldGen       total 66048K, used 12673K [0x0000000082800000, 0x0000000086880000, 0x00000000d6300000)
  object space 66048K, 19% used [0x0000000082800000,0x00000000834606c0,0x0000000086880000)
 Metaspace       used 34785K, capacity 35144K, committed 35456K, reserved 1081344K
  class space    used 4252K, capacity 4390K, committed 4480K, reserved 1048576K
Event: 6.577 GC heap after
Heap after GC invocations=10 (full 1):
 PSYoungGen      total 149504K, used 12795K [0x00000000d6300000, 0x00000000e2e00000, 0x0000000100000000)
  eden space 136704K, 0% used [0x00000000d6300000,0x00000000d6300000,0x00000000de880000)
  from space 12800K, 99% used [0x00000000de880000,0x00000000df4fec38,0x00000000df500000)
  to   space 14336K, 0% used [0x00000000e2000000,0x00000000e2000000,0x00000000e2e00000)
 ParOldGen       total 66048K, used 12843K [0x0000000082800000, 0x0000000086880000, 0x00000000d6300000)
  object space 66048K, 19% used [0x0000000082800000,0x000000008348ad90,0x0000000086880000)
 Metaspace       used 34785K, capacity 35144K, committed 35456K, reserved 1081344K
  class space    used 4252K, capacity 4390K, committed 4480K, reserved 1048576K
}
Event: 6.577 GC heap before
{Heap before GC invocations=11 (full 2):
 PSYoungGen      total 149504K, used 12795K [0x00000000d6300000, 0x00000000e2e00000, 0x0000000100000000)
  eden space 136704K, 0% used [0x00000000d6300000,0x00000000d6300000,0x00000000de880000)
  from space 12800K, 99% used [0x00000000de880000,0x00000000df4fec38,0x00000000df500000)
  to   space 14336K, 0% used [0x00000000e2000000,0x00000000e2000000,0x00000000e2e00000)
 ParOldGen       total 66048K, used 12843K [0x0000000082800000, 0x0000000086880000, 0x00000000d6300000)
  object space 66048K, 19% used [0x0000000082800000,0x000000008348ad90,0x0000000086880000)
 Metaspace       used 34785K, capacity 35144K, committed 35456K, reserved 1081344K
  class space    used 4252K, capacity 4390K, committed 4480K, reserved 1048576K
Event: 6.681 GC heap after
Heap after GC invocations=11 (full 2):
 PSYoungGen      total 149504K, used 0K [0x00000000d6300000, 0x00000000e2e00000, 0x0000000100000000)
  eden space 136704K, 0% used [0x00000000d6300000,0x00000000d6300000,0x00000000de880000)
  from space 12800K, 0% used [0x00000000de880000,0x00000000de880000,0x00000000df500000)
  to   space 14336K, 0% used [0x00000000e2000000,0x00000000e2000000,0x00000000e2e00000)
 ParOldGen       total 100352K, used 21624K [0x0000000082800000, 0x0000000088a00000, 0x00000000d6300000)
  object space 100352K, 21% used [0x0000000082800000,0x0000000083d1e3a0,0x0000000088a00000)
 Metaspace       used 34785K, capacity 35144K, committed 35456K, reserved 1081344K
  class space    used 4252K, capacity 4390K, committed 4480K, reserved 1048576K
}
Event: 36.292 GC heap before
{Heap before GC invocations=12 (full 2):
 PSYoungGen      total 149504K, used 136700K [0x00000000d6300000, 0x00000000e2e00000, 0x0000000100000000)
  eden space 136704K, 99% used [0x00000000d6300000,0x00000000de87f0c8,0x00000000de880000)
  from space 12800K, 0% used [0x00000000de880000,0x00000000de880000,0x00000000df500000)
  to   space 14336K, 0% used [0x00000000e2000000,0x00000000e2000000,0x00000000e2e00000)
 ParOldGen       total 100352K, used 21624K [0x0000000082800000, 0x0000000088a00000, 0x00000000d6300000)
  object space 100352K, 21% used [0x0000000082800000,0x0000000083d1e3a0,0x0000000088a00000)
 Metaspace       used 39007K, capacity 39458K, committed 39808K, reserved 1083392K
  class space    used 4818K, capacity 4949K, committed 4992K, reserved 1048576K
Event: 36.301 GC heap after
Heap after GC invocations=12 (full 2):
 PSYoungGen      total 180224K, used 5242K [0x00000000d6300000, 0x00000000e2780000, 0x0000000100000000)
  eden space 172544K, 0% used [0x00000000d6300000,0x00000000d6300000,0x00000000e0b80000)
  from space 7680K, 68% used [0x00000000e2000000,0x00000000e251ebf8,0x00000000e2780000)
  to   space 14336K, 0% used [0x00000000e0b80000,0x00000000e0b80000,0x00000000e1980000)
 ParOldGen       total 100352K, used 21632K [0x0000000082800000, 0x0000000088a00000, 0x00000000d6300000)
  object space 100352K, 21% used [0x0000000082800000,0x0000000083d203a0,0x0000000088a00000)
 Metaspace       used 39007K, capacity 39458K, committed 39808K, reserved 1083392K
  class space    used 4818K, capacity 4949K, committed 4992K, reserved 1048576K
}
Event: 48.474 GC heap before
{Heap before GC invocations=13 (full 2):
 PSYoungGen      total 180224K, used 177786K [0x00000000d6300000, 0x00000000e2780000, 0x0000000100000000)
  eden space 172544K, 100% used [0x00000000d6300000,0x00000000e0b80000,0x00000000e0b80000)
  from space 7680K, 68% used [0x00000000e2000000,0x00000000e251ebf8,0x00000000e2780000)
  to   space 14336K, 0% used [0x00000000e0b80000,0x00000000e0b80000,0x00000000e1980000)
 ParOldGen       total 100352K, used 21632K [0x0000000082800000, 0x0000000088a00000, 0x00000000d6300000)
  object space 100352K, 21% used [0x0000000082800000,0x0000000083d203a0,0x0000000088a00000)
 Metaspace       used 39103K, capacity 39522K, committed 40064K, reserved 1085440K
  class space    used 4819K, capacity 4949K, committed 4992K, reserved 1048576K
Event: 48.478 GC heap after
Heap after GC invocations=13 (full 2):
 PSYoungGen      total 186880K, used 2096K [0x00000000d6300000, 0x00000000e4e00000, 0x0000000100000000)
  eden space 172544K, 0% used [0x00000000d6300000,0x00000000d6300000,0x00000000e0b80000)
  from space 14336K, 14% used [0x00000000e0b80000,0x00000000e0d8c040,0x00000000e1980000)
  to   space 14848K, 0% used [0x00000000e3f80000,0x00000000e3f80000,0x00000000e4e00000)
 ParOldGen       total 100352K, used 21640K [0x0000000082800000, 0x0000000088a00000, 0x00000000d6300000)
  object space 100352K, 21% used [0x0000000082800000,0x0000000083d223a0,0x0000000088a00000)
 Metaspace       used 39103K, capacity 39522K, committed 40064K, reserved 1085440K
  class space    used 4819K, capacity 4949K, committed 4992K, reserved 1048576K
}
Event: 111.632 GC heap before
{Heap before GC invocations=14 (full 2):
 PSYoungGen      total 186880K, used 174640K [0x00000000d6300000, 0x00000000e4e00000, 0x0000000100000000)
  eden space 172544K, 100% used [0x00000000d6300000,0x00000000e0b80000,0x00000000e0b80000)
  from space 14336K, 14% used [0x00000000e0b80000,0x00000000e0d8c040,0x00000000e1980000)
  to   space 14848K, 0% used [0x00000000e3f80000,0x00000000e3f80000,0x00000000e4e00000)
 ParOldGen       total 100352K, used 21640K [0x0000000082800000, 0x0000000088a00000, 0x00000000d6300000)
  object space 100352K, 21% used [0x0000000082800000,0x0000000083d223a0,0x0000000088a00000)
 Metaspace       used 39728K, capacity 40232K, committed 40704K, reserved 1085440K
  class space    used 4889K, capacity 5054K, committed 5120K, reserved 1048576K
Event: 111.640 GC heap after
Heap after GC invocations=14 (full 2):
 PSYoungGen      total 212480K, used 4045K [0x00000000d6300000, 0x00000000e4780000, 0x0000000100000000)
  eden space 204288K, 0% used [0x00000000d6300000,0x00000000d6300000,0x00000000e2a80000)
  from space 8192K, 49% used [0x00000000e3f80000,0x00000000e4373428,0x00000000e4780000)
  to   space 14848K, 0% used [0x00000000e2a80000,0x00000000e2a80000,0x00000000e3900000)
 ParOldGen       total 100352K, used 21648K [0x0000000082800000, 0x0000000088a00000, 0x00000000d6300000)
  object space 100352K, 21% used [0x0000000082800000,0x0000000083d243a0,0x0000000088a00000)
 Metaspace       used 39728K, capacity 40232K, committed 40704K, reserved 1085440K
  class space    used 4889K, capacity 5054K, committed 5120K, reserved 1048576K
}

