# JRE version: Java(TM) SE Runtime Environment (8.0_111-b14) (build 1.8.0_111-b14)
# Java VM: Java HotSpot(TM) 64-Bit Server VM (25.111-b14 mixed mode windows-amd64 compressed oops)
Heap:
 PSYoungGen      total 472576K, used 64408K [0x00000000d6300000, 0x00000000f3c00000, 0x0000000100000000)
  eden space 468992K, 13% used [0x00000000d6300000,0x00000000d9e9def8,0x00000000f2d00000)
  from space 3584K, 93% used [0x00000000f3880000,0x00000000f3bc8130,0x00000000f3c00000)
  to   space 7680K, 0% used [0x00000000f2d00000,0x00000000f2d00000,0x00000000f3480000)
 ParOldGen       total 101376K, used 25298K [0x0000000082800000, 0x0000000088b00000, 0x00000000d6300000)
  object space 101376K, 24% used [0x0000000082800000,0x00000000840b4a80,0x0000000088b00000)
 Metaspace       used 38990K, capacity 39408K, committed 39680K, reserved 1083392K
  class space    used 4685K, capacity 4840K, committed 4864K, reserved 1048576K
GC Heap History (10 events):
Event: 41.130 GC heap before
{Heap before GC invocations=30 (full 2):
 PSYoungGen      total 430080K, used 421936K [0x00000000d6300000, 0x00000000f2280000, 0x0000000100000000)
  eden space 419840K, 100% used [0x00000000d6300000,0x00000000efd00000,0x00000000efd00000)
  from space 10240K, 20% used [0x00000000efd00000,0x00000000eff0c020,0x00000000f0700000)
  to   space 9728K, 0% used [0x00000000f1900000,0x00000000f1900000,0x00000000f2280000)
 ParOldGen       total 101376K, used 25266K [0x0000000082800000, 0x0000000088b00000, 0x00000000d6300000)
  object space 101376K, 24% used [0x0000000082800000,0x00000000840aca80,0x0000000088b00000)
 Metaspace       used 38883K, capacity 39338K, committed 39680K, reserved 1083392K
  class space    used 4684K, capacity 4839K, committed 4864K, reserved 1048576K
Event: 41.134 GC heap after
Heap after GC invocations=30 (full 2):
 PSYoungGen      total 446464K, used 2064K [0x00000000d6300000, 0x00000000f2180000, 0x0000000100000000)
  eden space 437760K, 0% used [0x00000000d6300000,0x00000000d6300000,0x00000000f0e80000)
  from space 8704K, 23% used [0x00000000f1900000,0x00000000f1b04010,0x00000000f2180000)
  to   space 9728K, 0% used [0x00000000f0e80000,0x00000000f0e80000,0x00000000f1800000)
 ParOldGen       total 101376K, used 25274K [0x0000000082800000, 0x0000000088b00000, 0x00000000d6300000)
  object space 101376K, 24% used [0x0000000082800000,0x00000000840aea80,0x0000000088b00000)
 Metaspace       used 38883K, capacity 39338K, committed 39680K, reserved 1083392K
  class space    used 4684K, capacity 4839K, committed 4864K, reserved 1048576K
}
Event: 41.965 GC heap before
{Heap before GC invocations=31 (full 2):
 PSYoungGen      total 446464K, used 439824K [0x00000000d6300000, 0x00000000f2180000, 0x0000000100000000)
  eden space 437760K, 100% used [0x00000000d6300000,0x00000000f0e80000,0x00000000f0e80000)
  from space 8704K, 23% used [0x00000000f1900000,0x00000000f1b04010,0x00000000f2180000)
  to   space 9728K, 0% used [0x00000000f0e80000,0x00000000f0e80000,0x00000000f1800000)
 ParOldGen       total 101376K, used 25274K [0x0000000082800000, 0x0000000088b00000, 0x00000000d6300000)
  object space 101376K, 24% used [0x0000000082800000,0x00000000840aea80,0x0000000088b00000)
 Metaspace       used 38884K, capacity 39338K, committed 39680K, reserved 1083392K
  class space    used 4684K, capacity 4839K, committed 4864K, reserved 1048576K
Event: 41.969 GC heap after
Heap after GC invocations=31 (full 2):
 PSYoungGen      total 447488K, used 2272K [0x00000000d6300000, 0x00000000f3200000, 0x0000000100000000)
  eden space 437760K, 0% used [0x00000000d6300000,0x00000000d6300000,0x00000000f0e80000)
  from space 9728K, 23% used [0x00000000f0e80000,0x00000000f10b8020,0x00000000f1800000)
  to   space 9216K, 0% used [0x00000000f2900000,0x00000000f2900000,0x00000000f3200000)
 ParOldGen       total 101376K, used 25282K [0x0000000082800000, 0x0000000088b00000, 0x00000000d6300000)
  object space 101376K, 24% used [0x0000000082800000,0x00000000840b0a80,0x0000000088b00000)
 Metaspace       used 38884K, capacity 39338K, committed 39680K, reserved 1083392K
  class space    used 4684K, capacity 4839K, committed 4864K, reserved 1048576K
}
Event: 42.858 GC heap before
{Heap before GC invocations=32 (full 2):
 PSYoungGen      total 447488K, used 440032K [0x00000000d6300000, 0x00000000f3200000, 0x0000000100000000)
  eden space 437760K, 100% used [0x00000000d6300000,0x00000000f0e80000,0x00000000f0e80000)
  from space 9728K, 23% used [0x00000000f0e80000,0x00000000f10b8020,0x00000000f1800000)
  to   space 9216K, 0% used [0x00000000f2900000,0x00000000f2900000,0x00000000f3200000)
 ParOldGen       total 101376K, used 25282K [0x0000000082800000, 0x0000000088b00000, 0x00000000d6300000)
  object space 101376K, 24% used [0x0000000082800000,0x00000000840b0a80,0x0000000088b00000)
 Metaspace       used 38888K, capacity 39338K, committed 39680K, reserved 1083392K
  class space    used 4684K, capacity 4839K, committed 4864K, reserved 1048576K
Event: 42.861 GC heap after
Heap after GC invocations=32 (full 2):
 PSYoungGen      total 462848K, used 2560K [0x00000000d6300000, 0x00000000f3080000, 0x0000000100000000)
  eden space 455168K, 0% used [0x00000000d6300000,0x00000000d6300000,0x00000000f1f80000)
  from space 7680K, 33% used [0x00000000f2900000,0x00000000f2b80020,0x00000000f3080000)
  to   space 8704K, 0% used [0x00000000f1f80000,0x00000000f1f80000,0x00000000f2800000)
 ParOldGen       total 101376K, used 25290K [0x0000000082800000, 0x0000000088b00000, 0x00000000d6300000)
  object space 101376K, 24% used [0x0000000082800000,0x00000000840b2a80,0x0000000088b00000)
 Metaspace       used 38888K, capacity 39338K, committed 39680K, reserved 1083392K
  class space    used 4684K, capacity 4839K, committed 4864K, reserved 1048576K
}
Event: 43.720 GC heap before
{Heap before GC invocations=33 (full 2):
 PSYoungGen      total 462848K, used 457728K [0x00000000d6300000, 0x00000000f3080000, 0x0000000100000000)
  eden space 455168K, 100% used [0x00000000d6300000,0x00000000f1f80000,0x00000000f1f80000)
  from space 7680K, 33% used [0x00000000f2900000,0x00000000f2b80020,0x00000000f3080000)
  to   space 8704K, 0% used [0x00000000f1f80000,0x00000000f1f80000,0x00000000f2800000)
 ParOldGen       total 101376K, used 25290K [0x0000000082800000, 0x0000000088b00000, 0x00000000d6300000)
  object space 101376K, 24% used [0x0000000082800000,0x00000000840b2a80,0x0000000088b00000)
 Metaspace       used 38888K, capacity 39338K, committed 39680K, reserved 1083392K
  class space    used 4684K, capacity 4839K, committed 4864K, reserved 1048576K
Event: 43.724 GC heap after
Heap after GC invocations=33 (full 2):
 PSYoungGen      total 463872K, used 2560K [0x00000000d6300000, 0x00000000f4080000, 0x0000000100000000)
  eden space 455168K, 0% used [0x00000000d6300000,0x00000000d6300000,0x00000000f1f80000)
  from space 8704K, 29% used [0x00000000f1f80000,0x00000000f2200150,0x00000000f2800000)
  to   space 8192K, 0% used [0x00000000f3880000,0x00000000f3880000,0x00000000f4080000)
 ParOldGen       total 101376K, used 25290K [0x0000000082800000, 0x0000000088b00000, 0x00000000d6300000)
  object space 101376K, 24% used [0x0000000082800000,0x00000000840b2a80,0x0000000088b00000)
 Metaspace       used 38888K, capacity 39338K, committed 39680K, reserved 1083392K
  class space    used 4684K, capacity 4839K, committed 4864K, reserved 1048576K
}
Event: 89.551 GC heap before
{Heap before GC invocations=34 (full 2):
 PSYoungGen      total 463872K, used 457728K [0x00000000d6300000, 0x00000000f4080000, 0x0000000100000000)
  eden space 455168K, 100% used [0x00000000d6300000,0x00000000f1f80000,0x00000000f1f80000)
  from space 8704K, 29% used [0x00000000f1f80000,0x00000000f2200150,0x00000000f2800000)
  to   space 8192K, 0% used [0x00000000f3880000,0x00000000f3880000,0x00000000f4080000)
 ParOldGen       total 101376K, used 25290K [0x0000000082800000, 0x0000000088b00000, 0x00000000d6300000)
  object space 101376K, 24% used [0x0000000082800000,0x00000000840b2a80,0x0000000088b00000)
 Metaspace       used 38990K, capacity 39408K, committed 39680K, reserved 1083392K
  class space    used 4685K, capacity 4840K, committed 4864K, reserved 1048576K
Event: 89.557 GC heap after
Heap after GC invocations=34 (full 2):
 PSYoungGen      total 472576K, used 3360K [0x00000000d6300000, 0x00000000f3c00000, 0x0000000100000000)
  eden space 468992K, 0% used [0x00000000d6300000,0x00000000d6300000,0x00000000f2d00000)
  from space 3584K, 93% used [0x00000000f3880000,0x00000000f3bc8130,0x00000000f3c00000)
  to   space 7680K, 0% used [0x00000000f2d00000,0x00000000f2d00000,0x00000000f3480000)
 ParOldGen       total 101376K, used 25298K [0x0000000082800000, 0x0000000088b00000, 0x00000000d6300000)
  object space 101376K, 24% used [0x0000000082800000,0x00000000840b4a80,0x0000000088b00000)
 Metaspace       used 38990K, capacity 39408K, committed 39680K, reserved 1083392K
  class space    used 4685K, capacity 4840K, committed 4864K, reserved 1048576K
}

