# JRE version: Java(TM) SE Runtime Environment (8.0_111-b14) (build 1.8.0_111-b14)
# Java VM: Java HotSpot(TM) 64-Bit Server VM (25.111-b14 mixed mode windows-amd64 compressed oops)
Heap:
 PSYoungGen      total 324608K, used 61367K [0x00000000d6300000, 0x00000000ed200000, 0x0000000100000000)
  eden space 318976K, 17% used [0x00000000d6300000,0x00000000d99c4ae8,0x00000000e9a80000)
  from space 5632K, 93% used [0x00000000ecc80000,0x00000000ed1a9368,0x00000000ed200000)
  to   space 14336K, 0% used [0x00000000eb600000,0x00000000eb600000,0x00000000ec400000)
 ParOldGen       total 78336K, used 20981K [0x0000000082800000, 0x0000000087480000, 0x00000000d6300000)
  object space 78336K, 26% used [0x0000000082800000,0x0000000083c7d540,0x0000000087480000)
 Metaspace       used 38811K, capacity 39302K, committed 39676K, reserved 1083392K
  class space    used 4670K, capacity 4833K, committed 4864K, reserved 1048576K
GC Heap History (10 events):
Event: 6.622 GC heap before
{Heap before GC invocations=8 (full 1):
 PSYoungGen      total 142848K, used 131072K [0x00000000d6300000, 0x00000000dfa00000, 0x0000000100000000)
  eden space 131072K, 100% used [0x00000000d6300000,0x00000000de300000,0x00000000de300000)
  from space 11776K, 0% used [0x00000000dee80000,0x00000000dee80000,0x00000000dfa00000)
  to   space 11776K, 0% used [0x00000000de300000,0x00000000de300000,0x00000000dee80000)
 ParOldGen       total 53248K, used 9865K [0x0000000082800000, 0x0000000085c00000, 0x00000000d6300000)
  object space 53248K, 18% used [0x0000000082800000,0x00000000831a26d8,0x0000000085c00000)
 Metaspace       used 27402K, capacity 27716K, committed 28028K, reserved 1073152K
  class space    used 3328K, capacity 3417K, committed 3456K, reserved 1048576K
Event: 6.635 GC heap after
Heap after GC invocations=8 (full 1):
 PSYoungGen      total 142848K, used 9316K [0x00000000d6300000, 0x00000000e6800000, 0x0000000100000000)
  eden space 131072K, 0% used [0x00000000d6300000,0x00000000d6300000,0x00000000de300000)
  from space 11776K, 79% used [0x00000000de300000,0x00000000dec19068,0x00000000dee80000)
  to   space 12288K, 0% used [0x00000000e5c00000,0x00000000e5c00000,0x00000000e6800000)
 ParOldGen       total 53248K, used 9873K [0x0000000082800000, 0x0000000085c00000, 0x00000000d6300000)
  object space 53248K, 18% used [0x0000000082800000,0x00000000831a46d8,0x0000000085c00000)
 Metaspace       used 27402K, capacity 27716K, committed 28028K, reserved 1073152K
  class space    used 3328K, capacity 3417K, committed 3456K, reserved 1048576K
}
Event: 7.955 GC heap before
{Heap before GC invocations=9 (full 1):
 PSYoungGen      total 142848K, used 140388K [0x00000000d6300000, 0x00000000e6800000, 0x0000000100000000)
  eden space 131072K, 100% used [0x00000000d6300000,0x00000000de300000,0x00000000de300000)
  from space 11776K, 79% used [0x00000000de300000,0x00000000dec19068,0x00000000dee80000)
  to   space 12288K, 0% used [0x00000000e5c00000,0x00000000e5c00000,0x00000000e6800000)
 ParOldGen       total 53248K, used 9873K [0x0000000082800000, 0x0000000085c00000, 0x00000000d6300000)
  object space 53248K, 18% used [0x0000000082800000,0x00000000831a46d8,0x0000000085c00000)
 Metaspace       used 30138K, capacity 30528K, committed 30972K, reserved 1077248K
  class space    used 3677K, capacity 3747K, committed 3840K, reserved 1048576K
Event: 7.976 GC heap after
Heap after GC invocations=9 (full 1):
 PSYoungGen      total 250880K, used 10635K [0x00000000d6300000, 0x00000000e6700000, 0x0000000100000000)
  eden space 239616K, 0% used [0x00000000d6300000,0x00000000d6300000,0x00000000e4d00000)
  from space 11264K, 94% used [0x00000000e5c00000,0x00000000e6662e80,0x00000000e6700000)
  to   space 13312K, 0% used [0x00000000e4d00000,0x00000000e4d00000,0x00000000e5a00000)
 ParOldGen       total 53248K, used 9881K [0x0000000082800000, 0x0000000085c00000, 0x00000000d6300000)
  object space 53248K, 18% used [0x0000000082800000,0x00000000831a66d8,0x0000000085c00000)
 Metaspace       used 30138K, capacity 30528K, committed 30972K, reserved 1077248K
  class space    used 3677K, capacity 3747K, committed 3840K, reserved 1048576K
}
Event: 9.323 GC heap before
{Heap before GC invocations=10 (full 1):
 PSYoungGen      total 250880K, used 122020K [0x00000000d6300000, 0x00000000e6700000, 0x0000000100000000)
  eden space 239616K, 46% used [0x00000000d6300000,0x00000000dcfc63c8,0x00000000e4d00000)
  from space 11264K, 94% used [0x00000000e5c00000,0x00000000e6662e80,0x00000000e6700000)
  to   space 13312K, 0% used [0x00000000e4d00000,0x00000000e4d00000,0x00000000e5a00000)
 ParOldGen       total 53248K, used 9881K [0x0000000082800000, 0x0000000085c00000, 0x00000000d6300000)
  object space 53248K, 18% used [0x0000000082800000,0x00000000831a66d8,0x0000000085c00000)
 Metaspace       used 35426K, capacity 35790K, committed 36048K, reserved 1081344K
  class space    used 4272K, capacity 4413K, committed 4480K, reserved 1048576K
Event: 9.354 GC heap after
Heap after GC invocations=10 (full 1):
 PSYoungGen      total 252928K, used 12675K [0x00000000d6300000, 0x00000000eda80000, 0x0000000100000000)
  eden space 239616K, 0% used [0x00000000d6300000,0x00000000d6300000,0x00000000e4d00000)
  from space 13312K, 95% used [0x00000000e4d00000,0x00000000e5960e10,0x00000000e5a00000)
  to   space 14336K, 0% used [0x00000000ecc80000,0x00000000ecc80000,0x00000000eda80000)
 ParOldGen       total 53248K, used 9889K [0x0000000082800000, 0x0000000085c00000, 0x00000000d6300000)
  object space 53248K, 18% used [0x0000000082800000,0x00000000831a86d8,0x0000000085c00000)
 Metaspace       used 35426K, capacity 35790K, committed 36048K, reserved 1081344K
  class space    used 4272K, capacity 4413K, committed 4480K, reserved 1048576K
}
Event: 9.354 GC heap before
{Heap before GC invocations=11 (full 2):
 PSYoungGen      total 252928K, used 12675K [0x00000000d6300000, 0x00000000eda80000, 0x0000000100000000)
  eden space 239616K, 0% used [0x00000000d6300000,0x00000000d6300000,0x00000000e4d00000)
  from space 13312K, 95% used [0x00000000e4d00000,0x00000000e5960e10,0x00000000e5a00000)
  to   space 14336K, 0% used [0x00000000ecc80000,0x00000000ecc80000,0x00000000eda80000)
 ParOldGen       total 53248K, used 9889K [0x0000000082800000, 0x0000000085c00000, 0x00000000d6300000)
  object space 53248K, 18% used [0x0000000082800000,0x00000000831a86d8,0x0000000085c00000)
 Metaspace       used 35426K, capacity 35790K, committed 36048K, reserved 1081344K
  class space    used 4272K, capacity 4413K, committed 4480K, reserved 1048576K
Event: 9.535 GC heap after
Heap after GC invocations=11 (full 2):
 PSYoungGen      total 252928K, used 0K [0x00000000d6300000, 0x00000000eda80000, 0x0000000100000000)
  eden space 239616K, 0% used [0x00000000d6300000,0x00000000d6300000,0x00000000e4d00000)
  from space 13312K, 0% used [0x00000000e4d00000,0x00000000e4d00000,0x00000000e5a00000)
  to   space 14336K, 0% used [0x00000000ecc80000,0x00000000ecc80000,0x00000000eda80000)
 ParOldGen       total 78336K, used 20973K [0x0000000082800000, 0x0000000087480000, 0x00000000d6300000)
  object space 78336K, 26% used [0x0000000082800000,0x0000000083c7b540,0x0000000087480000)
 Metaspace       used 35426K, capacity 35790K, committed 36048K, reserved 1081344K
  class space    used 4272K, capacity 4413K, committed 4480K, reserved 1048576K
}
Event: 124.069 GC heap before
{Heap before GC invocations=12 (full 2):
 PSYoungGen      total 252928K, used 239616K [0x00000000d6300000, 0x00000000eda80000, 0x0000000100000000)
  eden space 239616K, 100% used [0x00000000d6300000,0x00000000e4d00000,0x00000000e4d00000)
  from space 13312K, 0% used [0x00000000e4d00000,0x00000000e4d00000,0x00000000e5a00000)
  to   space 14336K, 0% used [0x00000000ecc80000,0x00000000ecc80000,0x00000000eda80000)
 ParOldGen       total 78336K, used 20973K [0x0000000082800000, 0x0000000087480000, 0x00000000d6300000)
  object space 78336K, 26% used [0x0000000082800000,0x0000000083c7b540,0x0000000087480000)
 Metaspace       used 38811K, capacity 39302K, committed 39676K, reserved 1083392K
  class space    used 4670K, capacity 4833K, committed 4864K, reserved 1048576K
Event: 124.077 GC heap after
Heap after GC invocations=12 (full 2):
 PSYoungGen      total 324608K, used 5284K [0x00000000d6300000, 0x00000000ed200000, 0x0000000100000000)
  eden space 318976K, 0% used [0x00000000d6300000,0x00000000d6300000,0x00000000e9a80000)
  from space 5632K, 93% used [0x00000000ecc80000,0x00000000ed1a9368,0x00000000ed200000)
  to   space 14336K, 0% used [0x00000000eb600000,0x00000000eb600000,0x00000000ec400000)
 ParOldGen       total 78336K, used 20981K [0x0000000082800000, 0x0000000087480000, 0x00000000d6300000)
  object space 78336K, 26% used [0x0000000082800000,0x0000000083c7d540,0x0000000087480000)
 Metaspace       used 38811K, capacity 39302K, committed 39676K, reserved 1083392K
  class space    used 4670K, capacity 4833K, committed 4864K, reserved 1048576K
}

