# JRE version: Java(TM) SE Runtime Environment (8.0_111-b14) (build 1.8.0_111-b14)
# Java VM: Java HotSpot(TM) 64-Bit Server VM (25.111-b14 mixed mode windows-amd64 compressed oops)
Heap:
 PSYoungGen      total 205824K, used 60669K [0x00000000d6300000, 0x00000000e4900000, 0x0000000100000000)
  eden space 200192K, 27% used [0x00000000d6300000,0x00000000d992ae70,0x00000000e2680000)
  from space 5632K, 92% used [0x00000000e4380000,0x00000000e4894800,0x00000000e4900000)
  to   space 14848K, 0% used [0x00000000e2c00000,0x00000000e2c00000,0x00000000e3a80000)
 ParOldGen       total 96768K, used 22855K [0x0000000082800000, 0x0000000088680000, 0x00000000d6300000)
  object space 96768K, 23% used [0x0000000082800000,0x0000000083e51cb0,0x0000000088680000)
 Metaspace       used 38655K, capacity 39072K, committed 39424K, reserved 1083392K
  class space    used 4662K, capacity 4800K, committed 4864K, reserved 1048576K
GC Heap History (10 events):
Event: 4.819 GC heap before
{Heap before GC invocations=8 (full 1):
 PSYoungGen      total 110080K, used 110067K [0x00000000d6300000, 0x00000000df300000, 0x0000000100000000)
  eden space 105472K, 100% used [0x00000000d6300000,0x00000000dca00000,0x00000000dca00000)
  from space 4608K, 99% used [0x00000000dee80000,0x00000000df2fcdf8,0x00000000df300000)
  to   space 11776K, 0% used [0x00000000ddc00000,0x00000000ddc00000,0x00000000de780000)
 ParOldGen       total 60416K, used 9926K [0x0000000082800000, 0x0000000086300000, 0x00000000d6300000)
  object space 60416K, 16% used [0x0000000082800000,0x00000000831b1b18,0x0000000086300000)
 Metaspace       used 28182K, capacity 28516K, committed 28672K, reserved 1075200K
  class space    used 3416K, capacity 3513K, committed 3584K, reserved 1048576K
Event: 4.831 GC heap after
Heap after GC invocations=8 (full 1):
 PSYoungGen      total 135680K, used 8555K [0x00000000d6300000, 0x00000000e1a00000, 0x0000000100000000)
  eden space 123904K, 0% used [0x00000000d6300000,0x00000000d6300000,0x00000000ddc00000)
  from space 11776K, 72% used [0x00000000ddc00000,0x00000000de45aea0,0x00000000de780000)
  to   space 11776K, 0% used [0x00000000e0e80000,0x00000000e0e80000,0x00000000e1a00000)
 ParOldGen       total 60416K, used 9934K [0x0000000082800000, 0x0000000086300000, 0x00000000d6300000)
  object space 60416K, 16% used [0x0000000082800000,0x00000000831b3b18,0x0000000086300000)
 Metaspace       used 28182K, capacity 28516K, committed 28672K, reserved 1075200K
  class space    used 3416K, capacity 3513K, committed 3584K, reserved 1048576K
}
Event: 6.159 GC heap before
{Heap before GC invocations=9 (full 1):
 PSYoungGen      total 135680K, used 132459K [0x00000000d6300000, 0x00000000e1a00000, 0x0000000100000000)
  eden space 123904K, 100% used [0x00000000d6300000,0x00000000ddc00000,0x00000000ddc00000)
  from space 11776K, 72% used [0x00000000ddc00000,0x00000000de45aea0,0x00000000de780000)
  to   space 11776K, 0% used [0x00000000e0e80000,0x00000000e0e80000,0x00000000e1a00000)
 ParOldGen       total 60416K, used 9934K [0x0000000082800000, 0x0000000086300000, 0x00000000d6300000)
  object space 60416K, 16% used [0x0000000082800000,0x00000000831b3b18,0x0000000086300000)
 Metaspace       used 31574K, capacity 31966K, committed 32384K, reserved 1077248K
  class space    used 3787K, capacity 3889K, committed 3968K, reserved 1048576K
Event: 6.175 GC heap after
Heap after GC invocations=9 (full 1):
 PSYoungGen      total 174080K, used 11753K [0x00000000d6300000, 0x00000000e3380000, 0x0000000100000000)
  eden space 162304K, 0% used [0x00000000d6300000,0x00000000d6300000,0x00000000e0180000)
  from space 11776K, 99% used [0x00000000e0e80000,0x00000000e19fa460,0x00000000e1a00000)
  to   space 13312K, 0% used [0x00000000e0180000,0x00000000e0180000,0x00000000e0e80000)
 ParOldGen       total 60416K, used 10353K [0x0000000082800000, 0x0000000086300000, 0x00000000d6300000)
  object space 60416K, 17% used [0x0000000082800000,0x000000008321c5b0,0x0000000086300000)
 Metaspace       used 31574K, capacity 31966K, committed 32384K, reserved 1077248K
  class space    used 3787K, capacity 3889K, committed 3968K, reserved 1048576K
}
Event: 7.120 GC heap before
{Heap before GC invocations=10 (full 1):
 PSYoungGen      total 174080K, used 86228K [0x00000000d6300000, 0x00000000e3380000, 0x0000000100000000)
  eden space 162304K, 45% used [0x00000000d6300000,0x00000000dabbae00,0x00000000e0180000)
  from space 11776K, 99% used [0x00000000e0e80000,0x00000000e19fa460,0x00000000e1a00000)
  to   space 13312K, 0% used [0x00000000e0180000,0x00000000e0180000,0x00000000e0e80000)
 ParOldGen       total 60416K, used 10353K [0x0000000082800000, 0x0000000086300000, 0x00000000d6300000)
  object space 60416K, 17% used [0x0000000082800000,0x000000008321c5b0,0x0000000086300000)
 Metaspace       used 34879K, capacity 35242K, committed 35496K, reserved 1081344K
  class space    used 4198K, capacity 4315K, committed 4352K, reserved 1048576K
Event: 7.158 GC heap after
Heap after GC invocations=10 (full 1):
 PSYoungGen      total 175616K, used 12729K [0x00000000d6300000, 0x00000000e5200000, 0x0000000100000000)
  eden space 162304K, 0% used [0x00000000d6300000,0x00000000d6300000,0x00000000e0180000)
  from space 13312K, 95% used [0x00000000e0180000,0x00000000e0dee620,0x00000000e0e80000)
  to   space 14848K, 0% used [0x00000000e4380000,0x00000000e4380000,0x00000000e5200000)
 ParOldGen       total 60416K, used 12001K [0x0000000082800000, 0x0000000086300000, 0x00000000d6300000)
  object space 60416K, 19% used [0x0000000082800000,0x00000000833b85b0,0x0000000086300000)
 Metaspace       used 34879K, capacity 35242K, committed 35496K, reserved 1081344K
  class space    used 4198K, capacity 4315K, committed 4352K, reserved 1048576K
}
Event: 7.158 GC heap before
{Heap before GC invocations=11 (full 2):
 PSYoungGen      total 175616K, used 12729K [0x00000000d6300000, 0x00000000e5200000, 0x0000000100000000)
  eden space 162304K, 0% used [0x00000000d6300000,0x00000000d6300000,0x00000000e0180000)
  from space 13312K, 95% used [0x00000000e0180000,0x00000000e0dee620,0x00000000e0e80000)
  to   space 14848K, 0% used [0x00000000e4380000,0x00000000e4380000,0x00000000e5200000)
 ParOldGen       total 60416K, used 12001K [0x0000000082800000, 0x0000000086300000, 0x00000000d6300000)
  object space 60416K, 19% used [0x0000000082800000,0x00000000833b85b0,0x0000000086300000)
 Metaspace       used 34879K, capacity 35242K, committed 35496K, reserved 1081344K
  class space    used 4198K, capacity 4315K, committed 4352K, reserved 1048576K
Event: 7.373 GC heap after
Heap after GC invocations=11 (full 2):
 PSYoungGen      total 175616K, used 0K [0x00000000d6300000, 0x00000000e5200000, 0x0000000100000000)
  eden space 162304K, 0% used [0x00000000d6300000,0x00000000d6300000,0x00000000e0180000)
  from space 13312K, 0% used [0x00000000e0180000,0x00000000e0180000,0x00000000e0e80000)
  to   space 14848K, 0% used [0x00000000e4380000,0x00000000e4380000,0x00000000e5200000)
 ParOldGen       total 96768K, used 22847K [0x0000000082800000, 0x0000000088680000, 0x00000000d6300000)
  object space 96768K, 23% used [0x0000000082800000,0x0000000083e4fcb0,0x0000000088680000)
 Metaspace       used 34879K, capacity 35242K, committed 35496K, reserved 1081344K
  class space    used 4198K, capacity 4315K, committed 4352K, reserved 1048576K
}
Event: 365.499 GC heap before
{Heap before GC invocations=12 (full 2):
 PSYoungGen      total 175616K, used 162304K [0x00000000d6300000, 0x00000000e5200000, 0x0000000100000000)
  eden space 162304K, 100% used [0x00000000d6300000,0x00000000e0180000,0x00000000e0180000)
  from space 13312K, 0% used [0x00000000e0180000,0x00000000e0180000,0x00000000e0e80000)
  to   space 14848K, 0% used [0x00000000e4380000,0x00000000e4380000,0x00000000e5200000)
 ParOldGen       total 96768K, used 22847K [0x0000000082800000, 0x0000000088680000, 0x00000000d6300000)
  object space 96768K, 23% used [0x0000000082800000,0x0000000083e4fcb0,0x0000000088680000)
 Metaspace       used 38647K, capacity 39072K, committed 39424K, reserved 1083392K
  class space    used 4661K, capacity 4800K, committed 4864K, reserved 1048576K
Event: 365.506 GC heap after
Heap after GC invocations=12 (full 2):
 PSYoungGen      total 205824K, used 5202K [0x00000000d6300000, 0x00000000e4900000, 0x0000000100000000)
  eden space 200192K, 0% used [0x00000000d6300000,0x00000000d6300000,0x00000000e2680000)
  from space 5632K, 92% used [0x00000000e4380000,0x00000000e4894800,0x00000000e4900000)
  to   space 14848K, 0% used [0x00000000e2c00000,0x00000000e2c00000,0x00000000e3a80000)
 ParOldGen       total 96768K, used 22855K [0x0000000082800000, 0x0000000088680000, 0x00000000d6300000)
  object space 96768K, 23% used [0x0000000082800000,0x0000000083e51cb0,0x0000000088680000)
 Metaspace       used 38647K, capacity 39072K, committed 39424K, reserved 1083392K
  class space    used 4661K, capacity 4800K, committed 4864K, reserved 1048576K
}

