# JRE version: Java(TM) SE Runtime Environment (8.0_111-b14) (build 1.8.0_111-b14)
# Java VM: Java HotSpot(TM) 64-Bit Server VM (25.111-b14 mixed mode windows-amd64 compressed oops)
Heap:
 PSYoungGen      total 206848K, used 15729K [0x00000000d6300000, 0x00000000e4580000, 0x0000000100000000)
  eden space 201216K, 5% used [0x00000000d6300000,0x00000000d6d47948,0x00000000e2780000)
  from space 5632K, 92% used [0x00000000e4000000,0x00000000e4514c08,0x00000000e4580000)
  to   space 14848K, 0% used [0x00000000e2880000,0x00000000e2880000,0x00000000e3700000)
 ParOldGen       total 95744K, used 22808K [0x0000000082800000, 0x0000000088580000, 0x00000000d6300000)
  object space 95744K, 23% used [0x0000000082800000,0x0000000083e460f0,0x0000000088580000)
 Metaspace       used 38633K, capacity 39104K, committed 39424K, reserved 1083392K
  class space    used 4673K, capacity 4832K, committed 4864K, reserved 1048576K
GC Heap History (10 events):
Event: 4.524 GC heap before
{Heap before GC invocations=8 (full 1):
 PSYoungGen      total 109568K, used 109553K [0x00000000d6300000, 0x00000000df300000, 0x0000000100000000)
  eden space 104960K, 100% used [0x00000000d6300000,0x00000000dc980000,0x00000000dc980000)
  from space 4608K, 99% used [0x00000000dee80000,0x00000000df2fc528,0x00000000df300000)
  to   space 11776K, 0% used [0x00000000ddc00000,0x00000000ddc00000,0x00000000de780000)
 ParOldGen       total 60928K, used 9922K [0x0000000082800000, 0x0000000086380000, 0x00000000d6300000)
  object space 60928K, 16% used [0x0000000082800000,0x00000000831b0a90,0x0000000086380000)
 Metaspace       used 28152K, capacity 28516K, committed 28672K, reserved 1075200K
  class space    used 3417K, capacity 3513K, committed 3584K, reserved 1048576K
Event: 4.536 GC heap after
Heap after GC invocations=8 (full 1):
 PSYoungGen      total 135680K, used 8564K [0x00000000d6300000, 0x00000000e1880000, 0x0000000100000000)
  eden space 123904K, 0% used [0x00000000d6300000,0x00000000d6300000,0x00000000ddc00000)
  from space 11776K, 72% used [0x00000000ddc00000,0x00000000de45d090,0x00000000de780000)
  to   space 11776K, 0% used [0x00000000e0d00000,0x00000000e0d00000,0x00000000e1880000)
 ParOldGen       total 60928K, used 9930K [0x0000000082800000, 0x0000000086380000, 0x00000000d6300000)
  object space 60928K, 16% used [0x0000000082800000,0x00000000831b2a90,0x0000000086380000)
 Metaspace       used 28152K, capacity 28516K, committed 28672K, reserved 1075200K
  class space    used 3417K, capacity 3513K, committed 3584K, reserved 1048576K
}
Event: 5.932 GC heap before
{Heap before GC invocations=9 (full 1):
 PSYoungGen      total 135680K, used 132468K [0x00000000d6300000, 0x00000000e1880000, 0x0000000100000000)
  eden space 123904K, 100% used [0x00000000d6300000,0x00000000ddc00000,0x00000000ddc00000)
  from space 11776K, 72% used [0x00000000ddc00000,0x00000000de45d090,0x00000000de780000)
  to   space 11776K, 0% used [0x00000000e0d00000,0x00000000e0d00000,0x00000000e1880000)
 ParOldGen       total 60928K, used 9930K [0x0000000082800000, 0x0000000086380000, 0x00000000d6300000)
  object space 60928K, 16% used [0x0000000082800000,0x00000000831b2a90,0x0000000086380000)
 Metaspace       used 31584K, capacity 32062K, committed 32384K, reserved 1077248K
  class space    used 3793K, capacity 3921K, committed 3968K, reserved 1048576K
Event: 5.948 GC heap after
Heap after GC invocations=9 (full 1):
 PSYoungGen      total 172544K, used 11769K [0x00000000d6300000, 0x00000000e3300000, 0x0000000100000000)
  eden space 160768K, 0% used [0x00000000d6300000,0x00000000d6300000,0x00000000e0000000)
  from space 11776K, 99% used [0x00000000e0d00000,0x00000000e187e610,0x00000000e1880000)
  to   space 13312K, 0% used [0x00000000e0000000,0x00000000e0000000,0x00000000e0d00000)
 ParOldGen       total 60928K, used 10370K [0x0000000082800000, 0x0000000086380000, 0x00000000d6300000)
  object space 60928K, 17% used [0x0000000082800000,0x0000000083220878,0x0000000086380000)
 Metaspace       used 31584K, capacity 32062K, committed 32384K, reserved 1077248K
  class space    used 3793K, capacity 3921K, committed 3968K, reserved 1048576K
}
Event: 6.742 GC heap before
{Heap before GC invocations=10 (full 1):
 PSYoungGen      total 172544K, used 83012K [0x00000000d6300000, 0x00000000e3300000, 0x0000000100000000)
  eden space 160768K, 44% used [0x00000000d6300000,0x00000000da892ad8,0x00000000e0000000)
  from space 11776K, 99% used [0x00000000e0d00000,0x00000000e187e610,0x00000000e1880000)
  to   space 13312K, 0% used [0x00000000e0000000,0x00000000e0000000,0x00000000e0d00000)
 ParOldGen       total 60928K, used 10370K [0x0000000082800000, 0x0000000086380000, 0x00000000d6300000)
  object space 60928K, 17% used [0x0000000082800000,0x0000000083220878,0x0000000086380000)
 Metaspace       used 34886K, capacity 35242K, committed 35496K, reserved 1081344K
  class space    used 4203K, capacity 4315K, committed 4352K, reserved 1048576K
Event: 6.768 GC heap after
Heap after GC invocations=10 (full 1):
 PSYoungGen      total 174080K, used 12723K [0x00000000d6300000, 0x00000000e4e80000, 0x0000000100000000)
  eden space 160768K, 0% used [0x00000000d6300000,0x00000000d6300000,0x00000000e0000000)
  from space 13312K, 95% used [0x00000000e0000000,0x00000000e0c6cd28,0x00000000e0d00000)
  to   space 14848K, 0% used [0x00000000e4000000,0x00000000e4000000,0x00000000e4e80000)
 ParOldGen       total 60928K, used 12050K [0x0000000082800000, 0x0000000086380000, 0x00000000d6300000)
  object space 60928K, 19% used [0x0000000082800000,0x00000000833c4878,0x0000000086380000)
 Metaspace       used 34886K, capacity 35242K, committed 35496K, reserved 1081344K
  class space    used 4203K, capacity 4315K, committed 4352K, reserved 1048576K
}
Event: 6.768 GC heap before
{Heap before GC invocations=11 (full 2):
 PSYoungGen      total 174080K, used 12723K [0x00000000d6300000, 0x00000000e4e80000, 0x0000000100000000)
  eden space 160768K, 0% used [0x00000000d6300000,0x00000000d6300000,0x00000000e0000000)
  from space 13312K, 95% used [0x00000000e0000000,0x00000000e0c6cd28,0x00000000e0d00000)
  to   space 14848K, 0% used [0x00000000e4000000,0x00000000e4000000,0x00000000e4e80000)
 ParOldGen       total 60928K, used 12050K [0x0000000082800000, 0x0000000086380000, 0x00000000d6300000)
  object space 60928K, 19% used [0x0000000082800000,0x00000000833c4878,0x0000000086380000)
 Metaspace       used 34886K, capacity 35242K, committed 35496K, reserved 1081344K
  class space    used 4203K, capacity 4315K, committed 4352K, reserved 1048576K
Event: 6.918 GC heap after
Heap after GC invocations=11 (full 2):
 PSYoungGen      total 174080K, used 0K [0x00000000d6300000, 0x00000000e4e80000, 0x0000000100000000)
  eden space 160768K, 0% used [0x00000000d6300000,0x00000000d6300000,0x00000000e0000000)
  from space 13312K, 0% used [0x00000000e0000000,0x00000000e0000000,0x00000000e0d00000)
  to   space 14848K, 0% used [0x00000000e4000000,0x00000000e4000000,0x00000000e4e80000)
 ParOldGen       total 95744K, used 22800K [0x0000000082800000, 0x0000000088580000, 0x00000000d6300000)
  object space 95744K, 23% used [0x0000000082800000,0x0000000083e440f0,0x0000000088580000)
 Metaspace       used 34886K, capacity 35242K, committed 35496K, reserved 1081344K
  class space    used 4203K, capacity 4315K, committed 4352K, reserved 1048576K
}
Event: 26.187 GC heap before
{Heap before GC invocations=12 (full 2):
 PSYoungGen      total 174080K, used 160768K [0x00000000d6300000, 0x00000000e4e80000, 0x0000000100000000)
  eden space 160768K, 100% used [0x00000000d6300000,0x00000000e0000000,0x00000000e0000000)
  from space 13312K, 0% used [0x00000000e0000000,0x00000000e0000000,0x00000000e0d00000)
  to   space 14848K, 0% used [0x00000000e4000000,0x00000000e4000000,0x00000000e4e80000)
 ParOldGen       total 95744K, used 22800K [0x0000000082800000, 0x0000000088580000, 0x00000000d6300000)
  object space 95744K, 23% used [0x0000000082800000,0x0000000083e440f0,0x0000000088580000)
 Metaspace       used 38626K, capacity 39104K, committed 39424K, reserved 1083392K
  class space    used 4673K, capacity 4832K, committed 4864K, reserved 1048576K
Event: 26.194 GC heap after
Heap after GC invocations=12 (full 2):
 PSYoungGen      total 206848K, used 5203K [0x00000000d6300000, 0x00000000e4580000, 0x0000000100000000)
  eden space 201216K, 0% used [0x00000000d6300000,0x00000000d6300000,0x00000000e2780000)
  from space 5632K, 92% used [0x00000000e4000000,0x00000000e4514c08,0x00000000e4580000)
  to   space 14848K, 0% used [0x00000000e2880000,0x00000000e2880000,0x00000000e3700000)
 ParOldGen       total 95744K, used 22808K [0x0000000082800000, 0x0000000088580000, 0x00000000d6300000)
  object space 95744K, 23% used [0x0000000082800000,0x0000000083e460f0,0x0000000088580000)
 Metaspace       used 38626K, capacity 39104K, committed 39424K, reserved 1083392K
  class space    used 4673K, capacity 4832K, committed 4864K, reserved 1048576K
}

