# JRE version: Java(TM) SE Runtime Environment (8.0_111-b14) (build 1.8.0_111-b14)
# Java VM: Java HotSpot(TM) 64-Bit Server VM (25.111-b14 mixed mode windows-amd64 compressed oops)
Heap:
 PSYoungGen      total 297472K, used 17241K [0x00000000d6300000, 0x00000000e9e80000, 0x0000000100000000)
  eden space 288768K, 3% used [0x00000000d6300000,0x00000000d6bb6c08,0x00000000e7d00000)
  from space 8704K, 95% used [0x00000000e9600000,0x00000000e9e1fb58,0x00000000e9e80000)
  to   space 13824K, 0% used [0x00000000e8380000,0x00000000e8380000,0x00000000e9100000)
 ParOldGen       total 76800K, used 22092K [0x0000000082800000, 0x0000000087300000, 0x00000000d6300000)
  object space 76800K, 28% used [0x0000000082800000,0x0000000083d93358,0x0000000087300000)
 Metaspace       used 40436K, capacity 40948K, committed 41472K, reserved 1085440K
  class space    used 4953K, capacity 5092K, committed 5120K, reserved 1048576K
GC Heap History (10 events):
Event: 5.062 GC heap before
{Heap before GC invocations=8 (full 1):
 PSYoungGen      total 124416K, used 124309K [0x00000000d6300000, 0x00000000df380000, 0x0000000100000000)
  eden space 118784K, 100% used [0x00000000d6300000,0x00000000dd700000,0x00000000dd700000)
  from space 5632K, 98% used [0x00000000dee00000,0x00000000df365470,0x00000000df380000)
  to   space 11264K, 0% used [0x00000000ddd80000,0x00000000ddd80000,0x00000000de880000)
 ParOldGen       total 53760K, used 9716K [0x0000000082800000, 0x0000000085c80000, 0x00000000d6300000)
  object space 53760K, 18% used [0x0000000082800000,0x000000008317d228,0x0000000085c80000)
 Metaspace       used 29257K, capacity 29676K, committed 29952K, reserved 1075200K
  class space    used 3609K, capacity 3723K, committed 3840K, reserved 1048576K
Event: 5.075 GC heap after
Heap after GC invocations=8 (full 1):
 PSYoungGen      total 136704K, used 9404K [0x00000000d6300000, 0x00000000e4700000, 0x0000000100000000)
  eden space 125440K, 0% used [0x00000000d6300000,0x00000000d6300000,0x00000000ddd80000)
  from space 11264K, 83% used [0x00000000ddd80000,0x00000000de6af3d0,0x00000000de880000)
  to   space 11776K, 0% used [0x00000000e3b80000,0x00000000e3b80000,0x00000000e4700000)
 ParOldGen       total 53760K, used 9724K [0x0000000082800000, 0x0000000085c80000, 0x00000000d6300000)
  object space 53760K, 18% used [0x0000000082800000,0x000000008317f228,0x0000000085c80000)
 Metaspace       used 29257K, capacity 29676K, committed 29952K, reserved 1075200K
  class space    used 3609K, capacity 3723K, committed 3840K, reserved 1048576K
}
Event: 6.374 GC heap before
{Heap before GC invocations=9 (full 1):
 PSYoungGen      total 136704K, used 134844K [0x00000000d6300000, 0x00000000e4700000, 0x0000000100000000)
  eden space 125440K, 100% used [0x00000000d6300000,0x00000000ddd80000,0x00000000ddd80000)
  from space 11264K, 83% used [0x00000000ddd80000,0x00000000de6af3d0,0x00000000de880000)
  to   space 11776K, 0% used [0x00000000e3b80000,0x00000000e3b80000,0x00000000e4700000)
 ParOldGen       total 53760K, used 9724K [0x0000000082800000, 0x0000000085c80000, 0x00000000d6300000)
  object space 53760K, 18% used [0x0000000082800000,0x000000008317f228,0x0000000085c80000)
 Metaspace       used 32459K, capacity 32866K, committed 33280K, reserved 1079296K
  class space    used 3950K, capacity 4062K, committed 4096K, reserved 1048576K
Event: 6.392 GC heap after
Heap after GC invocations=9 (full 1):
 PSYoungGen      total 219648K, used 11766K [0x00000000d6300000, 0x00000000e5100000, 0x0000000100000000)
  eden space 207872K, 0% used [0x00000000d6300000,0x00000000d6300000,0x00000000e2e00000)
  from space 11776K, 99% used [0x00000000e3b80000,0x00000000e46fdb88,0x00000000e4700000)
  to   space 13824K, 0% used [0x00000000e2e00000,0x00000000e2e00000,0x00000000e3b80000)
 ParOldGen       total 53760K, used 10612K [0x0000000082800000, 0x0000000085c80000, 0x00000000d6300000)
  object space 53760K, 19% used [0x0000000082800000,0x000000008325d170,0x0000000085c80000)
 Metaspace       used 32459K, capacity 32866K, committed 33280K, reserved 1079296K
  class space    used 3950K, capacity 4062K, committed 4096K, reserved 1048576K
}
Event: 6.804 GC heap before
{Heap before GC invocations=10 (full 1):
 PSYoungGen      total 219648K, used 41801K [0x00000000d6300000, 0x00000000e5100000, 0x0000000100000000)
  eden space 207872K, 14% used [0x00000000d6300000,0x00000000d8054918,0x00000000e2e00000)
  from space 11776K, 99% used [0x00000000e3b80000,0x00000000e46fdb88,0x00000000e4700000)
  to   space 13824K, 0% used [0x00000000e2e00000,0x00000000e2e00000,0x00000000e3b80000)
 ParOldGen       total 53760K, used 10612K [0x0000000082800000, 0x0000000085c80000, 0x00000000d6300000)
  object space 53760K, 19% used [0x0000000082800000,0x000000008325d170,0x0000000085c80000)
 Metaspace       used 34731K, capacity 35112K, committed 35456K, reserved 1081344K
  class space    used 4239K, capacity 4358K, committed 4480K, reserved 1048576K
Event: 6.840 GC heap after
Heap after GC invocations=10 (full 1):
 PSYoungGen      total 221696K, used 10891K [0x00000000d6300000, 0x00000000ea400000, 0x0000000100000000)
  eden space 207872K, 0% used [0x00000000d6300000,0x00000000d6300000,0x00000000e2e00000)
  from space 13824K, 78% used [0x00000000e2e00000,0x00000000e38a2c48,0x00000000e3b80000)
  to   space 14336K, 0% used [0x00000000e9600000,0x00000000e9600000,0x00000000ea400000)
 ParOldGen       total 53760K, used 12788K [0x0000000082800000, 0x0000000085c80000, 0x00000000d6300000)
  object space 53760K, 23% used [0x0000000082800000,0x000000008347d170,0x0000000085c80000)
 Metaspace       used 34731K, capacity 35112K, committed 35456K, reserved 1081344K
  class space    used 4239K, capacity 4358K, committed 4480K, reserved 1048576K
}
Event: 6.840 GC heap before
{Heap before GC invocations=11 (full 2):
 PSYoungGen      total 221696K, used 10891K [0x00000000d6300000, 0x00000000ea400000, 0x0000000100000000)
  eden space 207872K, 0% used [0x00000000d6300000,0x00000000d6300000,0x00000000e2e00000)
  from space 13824K, 78% used [0x00000000e2e00000,0x00000000e38a2c48,0x00000000e3b80000)
  to   space 14336K, 0% used [0x00000000e9600000,0x00000000e9600000,0x00000000ea400000)
 ParOldGen       total 53760K, used 12788K [0x0000000082800000, 0x0000000085c80000, 0x00000000d6300000)
  object space 53760K, 23% used [0x0000000082800000,0x000000008347d170,0x0000000085c80000)
 Metaspace       used 34731K, capacity 35112K, committed 35456K, reserved 1081344K
  class space    used 4239K, capacity 4358K, committed 4480K, reserved 1048576K
Event: 6.979 GC heap after
Heap after GC invocations=11 (full 2):
 PSYoungGen      total 221696K, used 0K [0x00000000d6300000, 0x00000000ea400000, 0x0000000100000000)
  eden space 207872K, 0% used [0x00000000d6300000,0x00000000d6300000,0x00000000e2e00000)
  from space 13824K, 0% used [0x00000000e2e00000,0x00000000e2e00000,0x00000000e3b80000)
  to   space 14336K, 0% used [0x00000000e9600000,0x00000000e9600000,0x00000000ea400000)
 ParOldGen       total 76800K, used 22084K [0x0000000082800000, 0x0000000087300000, 0x00000000d6300000)
  object space 76800K, 28% used [0x0000000082800000,0x0000000083d91358,0x0000000087300000)
 Metaspace       used 34731K, capacity 35112K, committed 35456K, reserved 1081344K
  class space    used 4239K, capacity 4358K, committed 4480K, reserved 1048576K
}
Event: 2445.399 GC heap before
{Heap before GC invocations=12 (full 2):
 PSYoungGen      total 221696K, used 207872K [0x00000000d6300000, 0x00000000ea400000, 0x0000000100000000)
  eden space 207872K, 100% used [0x00000000d6300000,0x00000000e2e00000,0x00000000e2e00000)
  from space 13824K, 0% used [0x00000000e2e00000,0x00000000e2e00000,0x00000000e3b80000)
  to   space 14336K, 0% used [0x00000000e9600000,0x00000000e9600000,0x00000000ea400000)
 ParOldGen       total 76800K, used 22084K [0x0000000082800000, 0x0000000087300000, 0x00000000d6300000)
  object space 76800K, 28% used [0x0000000082800000,0x0000000083d91358,0x0000000087300000)
 Metaspace       used 40426K, capacity 40948K, committed 41472K, reserved 1085440K
  class space    used 4953K, capacity 5092K, committed 5120K, reserved 1048576K
Event: 2445.459 GC heap after
Heap after GC invocations=12 (full 2):
 PSYoungGen      total 297472K, used 8318K [0x00000000d6300000, 0x00000000e9e80000, 0x0000000100000000)
  eden space 288768K, 0% used [0x00000000d6300000,0x00000000d6300000,0x00000000e7d00000)
  from space 8704K, 95% used [0x00000000e9600000,0x00000000e9e1fb58,0x00000000e9e80000)
  to   space 13824K, 0% used [0x00000000e8380000,0x00000000e8380000,0x00000000e9100000)
 ParOldGen       total 76800K, used 22092K [0x0000000082800000, 0x0000000087300000, 0x00000000d6300000)
  object space 76800K, 28% used [0x0000000082800000,0x0000000083d93358,0x0000000087300000)
 Metaspace       used 40426K, capacity 40948K, committed 41472K, reserved 1085440K
  class space    used 4953K, capacity 5092K, committed 5120K, reserved 1048576K
}

