# JRE version: Java(TM) SE Runtime Environment (8.0_111-b14) (build 1.8.0_111-b14)
# Java VM: Java HotSpot(TM) 64-Bit Server VM (25.111-b14 mixed mode windows-amd64 compressed oops)
Heap:
 PSYoungGen      total 146432K, used 7176K [0x00000000d6300000, 0x00000000e1b00000, 0x0000000100000000)
  eden space 131584K, 2% used [0x00000000d6300000,0x00000000d65bcfe0,0x00000000de380000)
  from space 14848K, 29% used [0x00000000de380000,0x00000000de7c50d8,0x00000000df200000)
  to   space 14848K, 0% used [0x00000000e0c80000,0x00000000e0c80000,0x00000000e1b00000)
 ParOldGen       total 109056K, used 23279K [0x0000000082800000, 0x0000000089280000, 0x00000000d6300000)
  object space 109056K, 21% used [0x0000000082800000,0x0000000083ebbcb8,0x0000000089280000)
 Metaspace       used 38847K, capacity 39294K, committed 39680K, reserved 1083392K
  class space    used 4644K, capacity 4805K, committed 4864K, reserved 1048576K
GC Heap History (10 events):
Event: 4.080 GC heap before
{Heap before GC invocations=7 (full 1):
 PSYoungGen      total 70656K, used 70638K [0x00000000d6300000, 0x00000000dd700000, 0x0000000100000000)
  eden space 65536K, 100% used [0x00000000d6300000,0x00000000da300000,0x00000000da300000)
  from space 5120K, 99% used [0x00000000da300000,0x00000000da7fb870,0x00000000da800000)
  to   space 11776K, 0% used [0x00000000dcb80000,0x00000000dcb80000,0x00000000dd700000)
 ParOldGen       total 67072K, used 11131K [0x0000000082800000, 0x0000000086980000, 0x00000000d6300000)
  object space 67072K, 16% used [0x0000000082800000,0x00000000832dedc8,0x0000000086980000)
 Metaspace       used 28144K, capacity 28498K, committed 28672K, reserved 1075200K
  class space    used 3405K, capacity 3510K, committed 3584K, reserved 1048576K
Event: 4.090 GC heap after
Heap after GC invocations=7 (full 1):
 PSYoungGen      total 101888K, used 7778K [0x00000000d6300000, 0x00000000dd400000, 0x0000000100000000)
  eden space 93184K, 0% used [0x00000000d6300000,0x00000000d6300000,0x00000000dbe00000)
  from space 8704K, 89% used [0x00000000dcb80000,0x00000000dd318968,0x00000000dd400000)
  to   space 11264K, 0% used [0x00000000dbe00000,0x00000000dbe00000,0x00000000dc900000)
 ParOldGen       total 67072K, used 11139K [0x0000000082800000, 0x0000000086980000, 0x00000000d6300000)
  object space 67072K, 16% used [0x0000000082800000,0x00000000832e0dc8,0x0000000086980000)
 Metaspace       used 28144K, capacity 28498K, committed 28672K, reserved 1075200K
  class space    used 3405K, capacity 3510K, committed 3584K, reserved 1048576K
}
Event: 5.060 GC heap before
{Heap before GC invocations=8 (full 1):
 PSYoungGen      total 101888K, used 100962K [0x00000000d6300000, 0x00000000dd400000, 0x0000000100000000)
  eden space 93184K, 100% used [0x00000000d6300000,0x00000000dbe00000,0x00000000dbe00000)
  from space 8704K, 89% used [0x00000000dcb80000,0x00000000dd318968,0x00000000dd400000)
  to   space 11264K, 0% used [0x00000000dbe00000,0x00000000dbe00000,0x00000000dc900000)
 ParOldGen       total 67072K, used 11139K [0x0000000082800000, 0x0000000086980000, 0x00000000d6300000)
  object space 67072K, 16% used [0x0000000082800000,0x00000000832e0dc8,0x0000000086980000)
 Metaspace       used 30205K, capacity 30618K, committed 30976K, reserved 1077248K
  class space    used 3681K, capacity 3778K, committed 3840K, reserved 1048576K
Event: 5.082 GC heap after
Heap after GC invocations=8 (full 1):
 PSYoungGen      total 104448K, used 10269K [0x00000000d6300000, 0x00000000dfe00000, 0x0000000100000000)
  eden space 93184K, 0% used [0x00000000d6300000,0x00000000d6300000,0x00000000dbe00000)
  from space 11264K, 91% used [0x00000000dbe00000,0x00000000dc807530,0x00000000dc900000)
  to   space 12288K, 0% used [0x00000000df200000,0x00000000df200000,0x00000000dfe00000)
 ParOldGen       total 67072K, used 11147K [0x0000000082800000, 0x0000000086980000, 0x00000000d6300000)
  object space 67072K, 16% used [0x0000000082800000,0x00000000832e2dc8,0x0000000086980000)
 Metaspace       used 30205K, capacity 30618K, committed 30976K, reserved 1077248K
  class space    used 3681K, capacity 3778K, committed 3840K, reserved 1048576K
}
Event: 6.073 GC heap before
{Heap before GC invocations=9 (full 1):
 PSYoungGen      total 104448K, used 96480K [0x00000000d6300000, 0x00000000dfe00000, 0x0000000100000000)
  eden space 93184K, 92% used [0x00000000d6300000,0x00000000db730c70,0x00000000dbe00000)
  from space 11264K, 91% used [0x00000000dbe00000,0x00000000dc807530,0x00000000dc900000)
  to   space 12288K, 0% used [0x00000000df200000,0x00000000df200000,0x00000000dfe00000)
 ParOldGen       total 67072K, used 11147K [0x0000000082800000, 0x0000000086980000, 0x00000000d6300000)
  object space 67072K, 16% used [0x0000000082800000,0x00000000832e2dc8,0x0000000086980000)
 Metaspace       used 34902K, capacity 35236K, committed 35496K, reserved 1081344K
  class space    used 4193K, capacity 4314K, committed 4352K, reserved 1048576K
Event: 6.095 GC heap after
Heap after GC invocations=9 (full 1):
 PSYoungGen      total 143872K, used 12278K [0x00000000d6300000, 0x00000000e0400000, 0x0000000100000000)
  eden space 131584K, 0% used [0x00000000d6300000,0x00000000d6300000,0x00000000de380000)
  from space 12288K, 99% used [0x00000000df200000,0x00000000dfdfdb80,0x00000000dfe00000)
  to   space 14848K, 0% used [0x00000000de380000,0x00000000de380000,0x00000000df200000)
 ParOldGen       total 67072K, used 13750K [0x0000000082800000, 0x0000000086980000, 0x00000000d6300000)
  object space 67072K, 20% used [0x0000000082800000,0x000000008356d868,0x0000000086980000)
 Metaspace       used 34902K, capacity 35236K, committed 35496K, reserved 1081344K
  class space    used 4193K, capacity 4314K, committed 4352K, reserved 1048576K
}
Event: 6.095 GC heap before
{Heap before GC invocations=10 (full 2):
 PSYoungGen      total 143872K, used 12278K [0x00000000d6300000, 0x00000000e0400000, 0x0000000100000000)
  eden space 131584K, 0% used [0x00000000d6300000,0x00000000d6300000,0x00000000de380000)
  from space 12288K, 99% used [0x00000000df200000,0x00000000dfdfdb80,0x00000000dfe00000)
  to   space 14848K, 0% used [0x00000000de380000,0x00000000de380000,0x00000000df200000)
 ParOldGen       total 67072K, used 13750K [0x0000000082800000, 0x0000000086980000, 0x00000000d6300000)
  object space 67072K, 20% used [0x0000000082800000,0x000000008356d868,0x0000000086980000)
 Metaspace       used 34902K, capacity 35236K, committed 35496K, reserved 1081344K
  class space    used 4193K, capacity 4314K, committed 4352K, reserved 1048576K
Event: 6.229 GC heap after
Heap after GC invocations=10 (full 2):
 PSYoungGen      total 143872K, used 0K [0x00000000d6300000, 0x00000000e0400000, 0x0000000100000000)
  eden space 131584K, 0% used [0x00000000d6300000,0x00000000d6300000,0x00000000de380000)
  from space 12288K, 0% used [0x00000000df200000,0x00000000df200000,0x00000000dfe00000)
  to   space 14848K, 0% used [0x00000000de380000,0x00000000de380000,0x00000000df200000)
 ParOldGen       total 109056K, used 23271K [0x0000000082800000, 0x0000000089280000, 0x00000000d6300000)
  object space 109056K, 21% used [0x0000000082800000,0x0000000083eb9cb8,0x0000000089280000)
 Metaspace       used 34902K, capacity 35236K, committed 35496K, reserved 1081344K
  class space    used 4193K, capacity 4314K, committed 4352K, reserved 1048576K
}
Event: 718.417 GC heap before
{Heap before GC invocations=11 (full 2):
 PSYoungGen      total 143872K, used 131584K [0x00000000d6300000, 0x00000000e0400000, 0x0000000100000000)
  eden space 131584K, 100% used [0x00000000d6300000,0x00000000de380000,0x00000000de380000)
  from space 12288K, 0% used [0x00000000df200000,0x00000000df200000,0x00000000dfe00000)
  to   space 14848K, 0% used [0x00000000de380000,0x00000000de380000,0x00000000df200000)
 ParOldGen       total 109056K, used 23271K [0x0000000082800000, 0x0000000089280000, 0x00000000d6300000)
  object space 109056K, 21% used [0x0000000082800000,0x0000000083eb9cb8,0x0000000089280000)
 Metaspace       used 38843K, capacity 39294K, committed 39680K, reserved 1083392K
  class space    used 4644K, capacity 4805K, committed 4864K, reserved 1048576K
Event: 718.425 GC heap after
Heap after GC invocations=11 (full 2):
 PSYoungGen      total 146432K, used 4372K [0x00000000d6300000, 0x00000000e1b00000, 0x0000000100000000)
  eden space 131584K, 0% used [0x00000000d6300000,0x00000000d6300000,0x00000000de380000)
  from space 14848K, 29% used [0x00000000de380000,0x00000000de7c50d8,0x00000000df200000)
  to   space 14848K, 0% used [0x00000000e0c80000,0x00000000e0c80000,0x00000000e1b00000)
 ParOldGen       total 109056K, used 23279K [0x0000000082800000, 0x0000000089280000, 0x00000000d6300000)
  object space 109056K, 21% used [0x0000000082800000,0x0000000083ebbcb8,0x0000000089280000)
 Metaspace       used 38843K, capacity 39294K, committed 39680K, reserved 1083392K
  class space    used 4644K, capacity 4805K, committed 4864K, reserved 1048576K
}

