# JRE version: Java(TM) SE Runtime Environment (8.0_111-b14) (build 1.8.0_111-b14)
# Java VM: Java HotSpot(TM) 64-Bit Server VM (25.111-b14 mixed mode windows-amd64 compressed oops)
Heap:
 PSYoungGen      total 153600K, used 9340K [0x00000000d6300000, 0x00000000e2580000, 0x0000000100000000)
  eden space 138752K, 3% used [0x00000000d6300000,0x00000000d6722138,0x00000000dea80000)
  from space 14848K, 34% used [0x00000000dea80000,0x00000000def7cf58,0x00000000df900000)
  to   space 14848K, 0% used [0x00000000e1700000,0x00000000e1700000,0x00000000e2580000)
 ParOldGen       total 104448K, used 23356K [0x0000000082800000, 0x0000000088e00000, 0x00000000d6300000)
  object space 104448K, 22% used [0x0000000082800000,0x0000000083ecf070,0x0000000088e00000)
 Metaspace       used 38818K, capacity 39262K, committed 39680K, reserved 1083392K
  class space    used 4638K, capacity 4773K, committed 4864K, reserved 1048576K
GC Heap History (10 events):
Event: 5.149 GC heap before
{Heap before GC invocations=7 (full 1):
 PSYoungGen      total 70656K, used 70649K [0x00000000d6300000, 0x00000000dda80000, 0x0000000100000000)
  eden space 65536K, 100% used [0x00000000d6300000,0x00000000da300000,0x00000000da300000)
  from space 5120K, 99% used [0x00000000da300000,0x00000000da7fe6c8,0x00000000da800000)
  to   space 11776K, 0% used [0x00000000dcf00000,0x00000000dcf00000,0x00000000dda80000)
 ParOldGen       total 65024K, used 10744K [0x0000000082800000, 0x0000000086780000, 0x00000000d6300000)
  object space 65024K, 16% used [0x0000000082800000,0x000000008327e170,0x0000000086780000)
 Metaspace       used 28013K, capacity 28402K, committed 28672K, reserved 1075200K
  class space    used 3385K, capacity 3478K, committed 3584K, reserved 1048576K
Event: 5.164 GC heap after
Heap after GC invocations=7 (full 1):
 PSYoungGen      total 106496K, used 7863K [0x00000000d6300000, 0x00000000dd880000, 0x0000000100000000)
  eden space 96768K, 0% used [0x00000000d6300000,0x00000000d6300000,0x00000000dc180000)
  from space 9728K, 80% used [0x00000000dcf00000,0x00000000dd6add20,0x00000000dd880000)
  to   space 11776K, 0% used [0x00000000dc180000,0x00000000dc180000,0x00000000dcd00000)
 ParOldGen       total 65024K, used 10752K [0x0000000082800000, 0x0000000086780000, 0x00000000d6300000)
  object space 65024K, 16% used [0x0000000082800000,0x0000000083280170,0x0000000086780000)
 Metaspace       used 28013K, capacity 28402K, committed 28672K, reserved 1075200K
  class space    used 3385K, capacity 3478K, committed 3584K, reserved 1048576K
}
Event: 6.443 GC heap before
{Heap before GC invocations=8 (full 1):
 PSYoungGen      total 106496K, used 104631K [0x00000000d6300000, 0x00000000dd880000, 0x0000000100000000)
  eden space 96768K, 100% used [0x00000000d6300000,0x00000000dc180000,0x00000000dc180000)
  from space 9728K, 80% used [0x00000000dcf00000,0x00000000dd6add20,0x00000000dd880000)
  to   space 11776K, 0% used [0x00000000dc180000,0x00000000dc180000,0x00000000dcd00000)
 ParOldGen       total 65024K, used 10752K [0x0000000082800000, 0x0000000086780000, 0x00000000d6300000)
  object space 65024K, 16% used [0x0000000082800000,0x0000000083280170,0x0000000086780000)
 Metaspace       used 30102K, capacity 30528K, committed 30976K, reserved 1077248K
  class space    used 3667K, capacity 3747K, committed 3840K, reserved 1048576K
Event: 6.460 GC heap after
Heap after GC invocations=8 (full 1):
 PSYoungGen      total 108544K, used 10220K [0x00000000d6300000, 0x00000000e0500000, 0x0000000100000000)
  eden space 96768K, 0% used [0x00000000d6300000,0x00000000d6300000,0x00000000dc180000)
  from space 11776K, 86% used [0x00000000dc180000,0x00000000dcb7b360,0x00000000dcd00000)
  to   space 12288K, 0% used [0x00000000df900000,0x00000000df900000,0x00000000e0500000)
 ParOldGen       total 65024K, used 10760K [0x0000000082800000, 0x0000000086780000, 0x00000000d6300000)
  object space 65024K, 16% used [0x0000000082800000,0x0000000083282170,0x0000000086780000)
 Metaspace       used 30102K, capacity 30528K, committed 30976K, reserved 1077248K
  class space    used 3667K, capacity 3747K, committed 3840K, reserved 1048576K
}
Event: 7.725 GC heap before
{Heap before GC invocations=9 (full 1):
 PSYoungGen      total 108544K, used 98793K [0x00000000d6300000, 0x00000000e0500000, 0x0000000100000000)
  eden space 96768K, 91% used [0x00000000d6300000,0x00000000db97f290,0x00000000dc180000)
  from space 11776K, 86% used [0x00000000dc180000,0x00000000dcb7b360,0x00000000dcd00000)
  to   space 12288K, 0% used [0x00000000df900000,0x00000000df900000,0x00000000e0500000)
 ParOldGen       total 65024K, used 10760K [0x0000000082800000, 0x0000000086780000, 0x00000000d6300000)
  object space 65024K, 16% used [0x0000000082800000,0x0000000083282170,0x0000000086780000)
 Metaspace       used 34896K, capacity 35242K, committed 35496K, reserved 1081344K
  class space    used 4199K, capacity 4315K, committed 4352K, reserved 1048576K
Event: 7.750 GC heap after
Heap after GC invocations=9 (full 1):
 PSYoungGen      total 151040K, used 12282K [0x00000000d6300000, 0x00000000e0b80000, 0x0000000100000000)
  eden space 138752K, 0% used [0x00000000d6300000,0x00000000d6300000,0x00000000dea80000)
  from space 12288K, 99% used [0x00000000df900000,0x00000000e04feb80,0x00000000e0500000)
  to   space 14848K, 0% used [0x00000000dea80000,0x00000000dea80000,0x00000000df900000)
 ParOldGen       total 65024K, used 13459K [0x0000000082800000, 0x0000000086780000, 0x00000000d6300000)
  object space 65024K, 20% used [0x0000000082800000,0x0000000083524fd0,0x0000000086780000)
 Metaspace       used 34896K, capacity 35242K, committed 35496K, reserved 1081344K
  class space    used 4199K, capacity 4315K, committed 4352K, reserved 1048576K
}
Event: 7.750 GC heap before
{Heap before GC invocations=10 (full 2):
 PSYoungGen      total 151040K, used 12282K [0x00000000d6300000, 0x00000000e0b80000, 0x0000000100000000)
  eden space 138752K, 0% used [0x00000000d6300000,0x00000000d6300000,0x00000000dea80000)
  from space 12288K, 99% used [0x00000000df900000,0x00000000e04feb80,0x00000000e0500000)
  to   space 14848K, 0% used [0x00000000dea80000,0x00000000dea80000,0x00000000df900000)
 ParOldGen       total 65024K, used 13459K [0x0000000082800000, 0x0000000086780000, 0x00000000d6300000)
  object space 65024K, 20% used [0x0000000082800000,0x0000000083524fd0,0x0000000086780000)
 Metaspace       used 34896K, capacity 35242K, committed 35496K, reserved 1081344K
  class space    used 4199K, capacity 4315K, committed 4352K, reserved 1048576K
Event: 7.884 GC heap after
Heap after GC invocations=10 (full 2):
 PSYoungGen      total 151040K, used 0K [0x00000000d6300000, 0x00000000e0b80000, 0x0000000100000000)
  eden space 138752K, 0% used [0x00000000d6300000,0x00000000d6300000,0x00000000dea80000)
  from space 12288K, 0% used [0x00000000df900000,0x00000000df900000,0x00000000e0500000)
  to   space 14848K, 0% used [0x00000000dea80000,0x00000000dea80000,0x00000000df900000)
 ParOldGen       total 104448K, used 23348K [0x0000000082800000, 0x0000000088e00000, 0x00000000d6300000)
  object space 104448K, 22% used [0x0000000082800000,0x0000000083ecd070,0x0000000088e00000)
 Metaspace       used 34896K, capacity 35242K, committed 35496K, reserved 1081344K
  class space    used 4199K, capacity 4315K, committed 4352K, reserved 1048576K
}
Event: 126.147 GC heap before
{Heap before GC invocations=11 (full 2):
 PSYoungGen      total 151040K, used 138752K [0x00000000d6300000, 0x00000000e0b80000, 0x0000000100000000)
  eden space 138752K, 100% used [0x00000000d6300000,0x00000000dea80000,0x00000000dea80000)
  from space 12288K, 0% used [0x00000000df900000,0x00000000df900000,0x00000000e0500000)
  to   space 14848K, 0% used [0x00000000dea80000,0x00000000dea80000,0x00000000df900000)
 ParOldGen       total 104448K, used 23348K [0x0000000082800000, 0x0000000088e00000, 0x00000000d6300000)
  object space 104448K, 22% used [0x0000000082800000,0x0000000083ecd070,0x0000000088e00000)
 Metaspace       used 38816K, capacity 39262K, committed 39680K, reserved 1083392K
  class space    used 4638K, capacity 4773K, committed 4864K, reserved 1048576K
Event: 126.155 GC heap after
Heap after GC invocations=11 (full 2):
 PSYoungGen      total 153600K, used 5107K [0x00000000d6300000, 0x00000000e2580000, 0x0000000100000000)
  eden space 138752K, 0% used [0x00000000d6300000,0x00000000d6300000,0x00000000dea80000)
  from space 14848K, 34% used [0x00000000dea80000,0x00000000def7cf58,0x00000000df900000)
  to   space 14848K, 0% used [0x00000000e1700000,0x00000000e1700000,0x00000000e2580000)
 ParOldGen       total 104448K, used 23356K [0x0000000082800000, 0x0000000088e00000, 0x00000000d6300000)
  object space 104448K, 22% used [0x0000000082800000,0x0000000083ecf070,0x0000000088e00000)
 Metaspace       used 38816K, capacity 39262K, committed 39680K, reserved 1083392K
  class space    used 4638K, capacity 4773K, committed 4864K, reserved 1048576K
}

