# JRE version: Java(TM) SE Runtime Environment (8.0_111-b14) (build 1.8.0_111-b14)
# Java VM: Java HotSpot(TM) 64-Bit Server VM (25.111-b14 mixed mode windows-amd64 compressed oops)
Heap:
 PSYoungGen      total 187904K, used 38122K [0x00000000d6300000, 0x00000000e3400000, 0x0000000100000000)
  eden space 182272K, 18% used [0x00000000d6300000,0x00000000d831e450,0x00000000e1500000)
  from space 5632K, 92% used [0x00000000e2e80000,0x00000000e339c590,0x00000000e3400000)
  to   space 15360K, 0% used [0x00000000e1600000,0x00000000e1600000,0x00000000e2500000)
 ParOldGen       total 99840K, used 22875K [0x0000000082800000, 0x0000000088980000, 0x00000000d6300000)
  object space 99840K, 22% used [0x0000000082800000,0x0000000083e56c48,0x0000000088980000)
 Metaspace       used 38778K, capacity 39220K, committed 39680K, reserved 1083392K
  class space    used 4680K, capacity 4830K, committed 4864K, reserved 1048576K
GC Heap History (10 events):
Event: 4.803 GC heap before
{Heap before GC invocations=8 (full 1):
 PSYoungGen      total 103936K, used 103620K [0x00000000d6300000, 0x00000000df280000, 0x0000000100000000)
  eden space 99328K, 100% used [0x00000000d6300000,0x00000000dc400000,0x00000000dc400000)
  from space 4608K, 93% used [0x00000000dee00000,0x00000000df2313c0,0x00000000df280000)
  to   space 11776K, 0% used [0x00000000ddb80000,0x00000000ddb80000,0x00000000de700000)
 ParOldGen       total 63488K, used 10319K [0x0000000082800000, 0x0000000086600000, 0x00000000d6300000)
  object space 63488K, 16% used [0x0000000082800000,0x0000000083213c90,0x0000000086600000)
 Metaspace       used 28209K, capacity 28580K, committed 28928K, reserved 1075200K
  class space    used 3425K, capacity 3513K, committed 3584K, reserved 1048576K
Event: 4.816 GC heap after
Heap after GC invocations=8 (full 1):
 PSYoungGen      total 135168K, used 8297K [0x00000000d6300000, 0x00000000e0900000, 0x0000000100000000)
  eden space 123392K, 0% used [0x00000000d6300000,0x00000000d6300000,0x00000000ddb80000)
  from space 11776K, 70% used [0x00000000ddb80000,0x00000000de39a648,0x00000000de700000)
  to   space 11776K, 0% used [0x00000000dfd80000,0x00000000dfd80000,0x00000000e0900000)
 ParOldGen       total 63488K, used 10327K [0x0000000082800000, 0x0000000086600000, 0x00000000d6300000)
  object space 63488K, 16% used [0x0000000082800000,0x0000000083215c90,0x0000000086600000)
 Metaspace       used 28209K, capacity 28580K, committed 28928K, reserved 1075200K
  class space    used 3425K, capacity 3513K, committed 3584K, reserved 1048576K
}
Event: 6.252 GC heap before
{Heap before GC invocations=9 (full 1):
 PSYoungGen      total 135168K, used 131689K [0x00000000d6300000, 0x00000000e0900000, 0x0000000100000000)
  eden space 123392K, 100% used [0x00000000d6300000,0x00000000ddb80000,0x00000000ddb80000)
  from space 11776K, 70% used [0x00000000ddb80000,0x00000000de39a648,0x00000000de700000)
  to   space 11776K, 0% used [0x00000000dfd80000,0x00000000dfd80000,0x00000000e0900000)
 ParOldGen       total 63488K, used 10327K [0x0000000082800000, 0x0000000086600000, 0x00000000d6300000)
  object space 63488K, 16% used [0x0000000082800000,0x0000000083215c90,0x0000000086600000)
 Metaspace       used 31612K, capacity 32062K, committed 32384K, reserved 1077248K
  class space    used 3799K, capacity 3921K, committed 3968K, reserved 1048576K
Event: 6.267 GC heap after
Heap after GC invocations=9 (full 1):
 PSYoungGen      total 156672K, used 11756K [0x00000000d6300000, 0x00000000e2a80000, 0x0000000100000000)
  eden space 144896K, 0% used [0x00000000d6300000,0x00000000d6300000,0x00000000df080000)
  from space 11776K, 99% used [0x00000000dfd80000,0x00000000e08fb268,0x00000000e0900000)
  to   space 13312K, 0% used [0x00000000df080000,0x00000000df080000,0x00000000dfd80000)
 ParOldGen       total 63488K, used 10600K [0x0000000082800000, 0x0000000086600000, 0x00000000d6300000)
  object space 63488K, 16% used [0x0000000082800000,0x000000008325a340,0x0000000086600000)
 Metaspace       used 31612K, capacity 32062K, committed 32384K, reserved 1077248K
  class space    used 3799K, capacity 3921K, committed 3968K, reserved 1048576K
}
Event: 7.086 GC heap before
{Heap before GC invocations=10 (full 1):
 PSYoungGen      total 156672K, used 83476K [0x00000000d6300000, 0x00000000e2a80000, 0x0000000100000000)
  eden space 144896K, 49% used [0x00000000d6300000,0x00000000da90a018,0x00000000df080000)
  from space 11776K, 99% used [0x00000000dfd80000,0x00000000e08fb268,0x00000000e0900000)
  to   space 13312K, 0% used [0x00000000df080000,0x00000000df080000,0x00000000dfd80000)
 ParOldGen       total 63488K, used 10600K [0x0000000082800000, 0x0000000086600000, 0x00000000d6300000)
  object space 63488K, 16% used [0x0000000082800000,0x000000008325a340,0x0000000086600000)
 Metaspace       used 34917K, capacity 35274K, committed 35496K, reserved 1081344K
  class space    used 4208K, capacity 4347K, committed 4352K, reserved 1048576K
Event: 7.138 GC heap after
Heap after GC invocations=10 (full 1):
 PSYoungGen      total 158208K, used 13306K [0x00000000d6300000, 0x00000000e3d80000, 0x0000000100000000)
  eden space 144896K, 0% used [0x00000000d6300000,0x00000000d6300000,0x00000000df080000)
  from space 13312K, 99% used [0x00000000df080000,0x00000000dfd7e948,0x00000000dfd80000)
  to   space 15360K, 0% used [0x00000000e2e80000,0x00000000e2e80000,0x00000000e3d80000)
 ParOldGen       total 63488K, used 11403K [0x0000000082800000, 0x0000000086600000, 0x00000000d6300000)
  object space 63488K, 17% used [0x0000000082800000,0x0000000083322c70,0x0000000086600000)
 Metaspace       used 34917K, capacity 35274K, committed 35496K, reserved 1081344K
  class space    used 4208K, capacity 4347K, committed 4352K, reserved 1048576K
}
Event: 7.138 GC heap before
{Heap before GC invocations=11 (full 2):
 PSYoungGen      total 158208K, used 13306K [0x00000000d6300000, 0x00000000e3d80000, 0x0000000100000000)
  eden space 144896K, 0% used [0x00000000d6300000,0x00000000d6300000,0x00000000df080000)
  from space 13312K, 99% used [0x00000000df080000,0x00000000dfd7e948,0x00000000dfd80000)
  to   space 15360K, 0% used [0x00000000e2e80000,0x00000000e2e80000,0x00000000e3d80000)
 ParOldGen       total 63488K, used 11403K [0x0000000082800000, 0x0000000086600000, 0x00000000d6300000)
  object space 63488K, 17% used [0x0000000082800000,0x0000000083322c70,0x0000000086600000)
 Metaspace       used 34917K, capacity 35274K, committed 35496K, reserved 1081344K
  class space    used 4208K, capacity 4347K, committed 4352K, reserved 1048576K
Event: 7.299 GC heap after
Heap after GC invocations=11 (full 2):
 PSYoungGen      total 158208K, used 0K [0x00000000d6300000, 0x00000000e3d80000, 0x0000000100000000)
  eden space 144896K, 0% used [0x00000000d6300000,0x00000000d6300000,0x00000000df080000)
  from space 13312K, 0% used [0x00000000df080000,0x00000000df080000,0x00000000dfd80000)
  to   space 15360K, 0% used [0x00000000e2e80000,0x00000000e2e80000,0x00000000e3d80000)
 ParOldGen       total 99840K, used 22875K [0x0000000082800000, 0x0000000088980000, 0x00000000d6300000)
  object space 99840K, 22% used [0x0000000082800000,0x0000000083e56c48,0x0000000088980000)
 Metaspace       used 34917K, capacity 35274K, committed 35496K, reserved 1081344K
  class space    used 4208K, capacity 4347K, committed 4352K, reserved 1048576K
}
Event: 613.904 GC heap before
{Heap before GC invocations=12 (full 2):
 PSYoungGen      total 158208K, used 144896K [0x00000000d6300000, 0x00000000e3d80000, 0x0000000100000000)
  eden space 144896K, 100% used [0x00000000d6300000,0x00000000df080000,0x00000000df080000)
  from space 13312K, 0% used [0x00000000df080000,0x00000000df080000,0x00000000dfd80000)
  to   space 15360K, 0% used [0x00000000e2e80000,0x00000000e2e80000,0x00000000e3d80000)
 ParOldGen       total 99840K, used 22875K [0x0000000082800000, 0x0000000088980000, 0x00000000d6300000)
  object space 99840K, 22% used [0x0000000082800000,0x0000000083e56c48,0x0000000088980000)
 Metaspace       used 38771K, capacity 39220K, committed 39680K, reserved 1083392K
  class space    used 4679K, capacity 4830K, committed 4864K, reserved 1048576K
Event: 613.918 GC heap after
Heap after GC invocations=12 (full 2):
 PSYoungGen      total 187904K, used 5233K [0x00000000d6300000, 0x00000000e3400000, 0x0000000100000000)
  eden space 182272K, 0% used [0x00000000d6300000,0x00000000d6300000,0x00000000e1500000)
  from space 5632K, 92% used [0x00000000e2e80000,0x00000000e339c590,0x00000000e3400000)
  to   space 15360K, 0% used [0x00000000e1600000,0x00000000e1600000,0x00000000e2500000)
 ParOldGen       total 99840K, used 22875K [0x0000000082800000, 0x0000000088980000, 0x00000000d6300000)
  object space 99840K, 22% used [0x0000000082800000,0x0000000083e56c48,0x0000000088980000)
 Metaspace       used 38771K, capacity 39220K, committed 39680K, reserved 1083392K
  class space    used 4679K, capacity 4830K, committed 4864K, reserved 1048576K
}

