# JRE version: Java(TM) SE Runtime Environment (8.0_111-b14) (build 1.8.0_111-b14)
# Java VM: Java HotSpot(TM) 64-Bit Server VM (25.111-b14 mixed mode windows-amd64 compressed oops)
Heap:
 PSYoungGen      total 564736K, used 2659K [0x00000000d6300000, 0x00000000fa780000, 0x0000000100000000)
  eden space 555520K, 0% used [0x00000000d6300000,0x00000000d6300e08,0x00000000f8180000)
  from space 9216K, 28% used [0x00000000f8180000,0x00000000f8418130,0x00000000f8a80000)
  to   space 8704K, 0% used [0x00000000f9f00000,0x00000000f9f00000,0x00000000fa780000)
 ParOldGen       total 87552K, used 25238K [0x0000000082800000, 0x0000000087d80000, 0x00000000d6300000)
  object space 87552K, 28% used [0x0000000082800000,0x00000000840a5940,0x0000000087d80000)
 Metaspace       used 38794K, capacity 39260K, committed 39680K, reserved 1083392K
  class space    used 4663K, capacity 4810K, committed 4864K, reserved 1048576K
GC Heap History (10 events):
Event: 36.897 GC heap before
{Heap before GC invocations=25 (full 2):
 PSYoungGen      total 507904K, used 498656K [0x00000000d6300000, 0x00000000f5f80000, 0x0000000100000000)
  eden space 497152K, 100% used [0x00000000d6300000,0x00000000f4880000,0x00000000f4880000)
  from space 10752K, 13% used [0x00000000f5500000,0x00000000f5678000,0x00000000f5f80000)
  to   space 11776K, 0% used [0x00000000f4880000,0x00000000f4880000,0x00000000f5400000)
 ParOldGen       total 87552K, used 25198K [0x0000000082800000, 0x0000000087d80000, 0x00000000d6300000)
  object space 87552K, 28% used [0x0000000082800000,0x000000008409b940,0x0000000087d80000)
 Metaspace       used 38695K, capacity 39132K, committed 39424K, reserved 1083392K
  class space    used 4661K, capacity 4810K, committed 4864K, reserved 1048576K
Event: 36.900 GC heap after
Heap after GC invocations=25 (full 2):
 PSYoungGen      total 508928K, used 1792K [0x00000000d6300000, 0x00000000f7e00000, 0x0000000100000000)
  eden space 497152K, 0% used [0x00000000d6300000,0x00000000d6300000,0x00000000f4880000)
  from space 11776K, 15% used [0x00000000f4880000,0x00000000f4a40000,0x00000000f5400000)
  to   space 11264K, 0% used [0x00000000f7300000,0x00000000f7300000,0x00000000f7e00000)
 ParOldGen       total 87552K, used 25206K [0x0000000082800000, 0x0000000087d80000, 0x00000000d6300000)
  object space 87552K, 28% used [0x0000000082800000,0x000000008409d940,0x0000000087d80000)
 Metaspace       used 38695K, capacity 39132K, committed 39424K, reserved 1083392K
  class space    used 4661K, capacity 4810K, committed 4864K, reserved 1048576K
}
Event: 37.926 GC heap before
{Heap before GC invocations=26 (full 2):
 PSYoungGen      total 508928K, used 498944K [0x00000000d6300000, 0x00000000f7e00000, 0x0000000100000000)
  eden space 497152K, 100% used [0x00000000d6300000,0x00000000f4880000,0x00000000f4880000)
  from space 11776K, 15% used [0x00000000f4880000,0x00000000f4a40000,0x00000000f5400000)
  to   space 11264K, 0% used [0x00000000f7300000,0x00000000f7300000,0x00000000f7e00000)
 ParOldGen       total 87552K, used 25206K [0x0000000082800000, 0x0000000087d80000, 0x00000000d6300000)
  object space 87552K, 28% used [0x0000000082800000,0x000000008409d940,0x0000000087d80000)
 Metaspace       used 38695K, capacity 39132K, committed 39424K, reserved 1083392K
  class space    used 4661K, capacity 4810K, committed 4864K, reserved 1048576K
Event: 37.929 GC heap after
Heap after GC invocations=26 (full 2):
 PSYoungGen      total 538624K, used 2048K [0x00000000d6300000, 0x00000000f7c00000, 0x0000000100000000)
  eden space 529408K, 0% used [0x00000000d6300000,0x00000000d6300000,0x00000000f6800000)
  from space 9216K, 22% used [0x00000000f7300000,0x00000000f7500000,0x00000000f7c00000)
  to   space 10240K, 0% used [0x00000000f6800000,0x00000000f6800000,0x00000000f7200000)
 ParOldGen       total 87552K, used 25214K [0x0000000082800000, 0x0000000087d80000, 0x00000000d6300000)
  object space 87552K, 28% used [0x0000000082800000,0x000000008409f940,0x0000000087d80000)
 Metaspace       used 38695K, capacity 39132K, committed 39424K, reserved 1083392K
  class space    used 4661K, capacity 4810K, committed 4864K, reserved 1048576K
}
Event: 39.006 GC heap before
{Heap before GC invocations=27 (full 2):
 PSYoungGen      total 538624K, used 531456K [0x00000000d6300000, 0x00000000f7c00000, 0x0000000100000000)
  eden space 529408K, 100% used [0x00000000d6300000,0x00000000f6800000,0x00000000f6800000)
  from space 9216K, 22% used [0x00000000f7300000,0x00000000f7500000,0x00000000f7c00000)
  to   space 10240K, 0% used [0x00000000f6800000,0x00000000f6800000,0x00000000f7200000)
 ParOldGen       total 87552K, used 25214K [0x0000000082800000, 0x0000000087d80000, 0x00000000d6300000)
  object space 87552K, 28% used [0x0000000082800000,0x000000008409f940,0x0000000087d80000)
 Metaspace       used 38695K, capacity 39132K, committed 39424K, reserved 1083392K
  class space    used 4661K, capacity 4810K, committed 4864K, reserved 1048576K
Event: 39.010 GC heap after
Heap after GC invocations=27 (full 2):
 PSYoungGen      total 539648K, used 2272K [0x00000000d6300000, 0x00000000f9400000, 0x0000000100000000)
  eden space 529408K, 0% used [0x00000000d6300000,0x00000000d6300000,0x00000000f6800000)
  from space 10240K, 22% used [0x00000000f6800000,0x00000000f6a38000,0x00000000f7200000)
  to   space 9728K, 0% used [0x00000000f8a80000,0x00000000f8a80000,0x00000000f9400000)
 ParOldGen       total 87552K, used 25222K [0x0000000082800000, 0x0000000087d80000, 0x00000000d6300000)
  object space 87552K, 28% used [0x0000000082800000,0x00000000840a1940,0x0000000087d80000)
 Metaspace       used 38695K, capacity 39132K, committed 39424K, reserved 1083392K
  class space    used 4661K, capacity 4810K, committed 4864K, reserved 1048576K
}
Event: 40.119 GC heap before
{Heap before GC invocations=28 (full 2):
 PSYoungGen      total 539648K, used 531680K [0x00000000d6300000, 0x00000000f9400000, 0x0000000100000000)
  eden space 529408K, 100% used [0x00000000d6300000,0x00000000f6800000,0x00000000f6800000)
  from space 10240K, 22% used [0x00000000f6800000,0x00000000f6a38000,0x00000000f7200000)
  to   space 9728K, 0% used [0x00000000f8a80000,0x00000000f8a80000,0x00000000f9400000)
 ParOldGen       total 87552K, used 25222K [0x0000000082800000, 0x0000000087d80000, 0x00000000d6300000)
  object space 87552K, 28% used [0x0000000082800000,0x00000000840a1940,0x0000000087d80000)
 Metaspace       used 38698K, capacity 39132K, committed 39424K, reserved 1083392K
  class space    used 4661K, capacity 4810K, committed 4864K, reserved 1048576K
Event: 40.123 GC heap after
Heap after GC invocations=28 (full 2):
 PSYoungGen      total 564736K, used 2528K [0x00000000d6300000, 0x00000000f9380000, 0x0000000100000000)
  eden space 555520K, 0% used [0x00000000d6300000,0x00000000d6300000,0x00000000f8180000)
  from space 9216K, 27% used [0x00000000f8a80000,0x00000000f8cf8130,0x00000000f9380000)
  to   space 9216K, 0% used [0x00000000f8180000,0x00000000f8180000,0x00000000f8a80000)
 ParOldGen       total 87552K, used 25230K [0x0000000082800000, 0x0000000087d80000, 0x00000000d6300000)
  object space 87552K, 28% used [0x0000000082800000,0x00000000840a3940,0x0000000087d80000)
 Metaspace       used 38698K, capacity 39132K, committed 39424K, reserved 1083392K
  class space    used 4661K, capacity 4810K, committed 4864K, reserved 1048576K
}
Event: 129.974 GC heap before
{Heap before GC invocations=29 (full 2):
 PSYoungGen      total 564736K, used 558048K [0x00000000d6300000, 0x00000000f9380000, 0x0000000100000000)
  eden space 555520K, 100% used [0x00000000d6300000,0x00000000f8180000,0x00000000f8180000)
  from space 9216K, 27% used [0x00000000f8a80000,0x00000000f8cf8130,0x00000000f9380000)
  to   space 9216K, 0% used [0x00000000f8180000,0x00000000f8180000,0x00000000f8a80000)
 ParOldGen       total 87552K, used 25230K [0x0000000082800000, 0x0000000087d80000, 0x00000000d6300000)
  object space 87552K, 28% used [0x0000000082800000,0x00000000840a3940,0x0000000087d80000)
 Metaspace       used 38794K, capacity 39260K, committed 39680K, reserved 1083392K
  class space    used 4663K, capacity 4810K, committed 4864K, reserved 1048576K
Event: 129.984 GC heap after
Heap after GC invocations=29 (full 2):
 PSYoungGen      total 564736K, used 2656K [0x00000000d6300000, 0x00000000fa780000, 0x0000000100000000)
  eden space 555520K, 0% used [0x00000000d6300000,0x00000000d6300000,0x00000000f8180000)
  from space 9216K, 28% used [0x00000000f8180000,0x00000000f8418130,0x00000000f8a80000)
  to   space 8704K, 0% used [0x00000000f9f00000,0x00000000f9f00000,0x00000000fa780000)
 ParOldGen       total 87552K, used 25238K [0x0000000082800000, 0x0000000087d80000, 0x00000000d6300000)
  object space 87552K, 28% used [0x0000000082800000,0x00000000840a5940,0x0000000087d80000)
 Metaspace       used 38794K, capacity 39260K, committed 39680K, reserved 1083392K
  class space    used 4663K, capacity 4810K, committed 4864K, reserved 1048576K
}

