# JRE version: Java(TM) SE Runtime Environment (8.0_111-b14) (build 1.8.0_111-b14)
# Java VM: Java HotSpot(TM) 64-Bit Server VM (25.111-b14 mixed mode windows-amd64 compressed oops)
Heap:
 PSYoungGen      total 232448K, used 13660K [0x00000000d6300000, 0x00000000e5d80000, 0x0000000100000000)
  eden space 225792K, 3% used [0x00000000d6300000,0x00000000d6a18250,0x00000000e3f80000)
  from space 6656K, 96% used [0x00000000e5700000,0x00000000e5d3ef78,0x00000000e5d80000)
  to   space 13824K, 0% used [0x00000000e4280000,0x00000000e4280000,0x00000000e5000000)
 ParOldGen       total 89600K, used 22201K [0x0000000082800000, 0x0000000087f80000, 0x00000000d6300000)
  object space 89600K, 24% used [0x0000000082800000,0x0000000083dae790,0x0000000087f80000)
 Metaspace       used 39609K, capacity 40086K, committed 40704K, reserved 1085440K
  class space    used 4889K, capacity 5051K, committed 5120K, reserved 1048576K
GC Heap History (10 events):
Event: 4.884 GC heap before
{Heap before GC invocations=8 (full 1):
 PSYoungGen      total 114688K, used 114492K [0x00000000d6300000, 0x00000000df380000, 0x0000000100000000)
  eden space 109056K, 100% used [0x00000000d6300000,0x00000000dcd80000,0x00000000dcd80000)
  from space 5632K, 96% used [0x00000000dee00000,0x00000000df34f010,0x00000000df380000)
  to   space 11264K, 0% used [0x00000000ddd80000,0x00000000ddd80000,0x00000000de880000)
 ParOldGen       total 58368K, used 9710K [0x0000000082800000, 0x0000000086100000, 0x00000000d6300000)
  object space 58368K, 16% used [0x0000000082800000,0x000000008317b9c8,0x0000000086100000)
 Metaspace       used 29209K, capacity 29612K, committed 29952K, reserved 1075200K
  class space    used 3608K, capacity 3723K, committed 3840K, reserved 1048576K
Event: 4.895 GC heap after
Heap after GC invocations=8 (full 1):
 PSYoungGen      total 136704K, used 8978K [0x00000000d6300000, 0x00000000e2580000, 0x0000000100000000)
  eden space 125440K, 0% used [0x00000000d6300000,0x00000000d6300000,0x00000000ddd80000)
  from space 11264K, 79% used [0x00000000ddd80000,0x00000000de644850,0x00000000de880000)
  to   space 11776K, 0% used [0x00000000e1a00000,0x00000000e1a00000,0x00000000e2580000)
 ParOldGen       total 58368K, used 9718K [0x0000000082800000, 0x0000000086100000, 0x00000000d6300000)
  object space 58368K, 16% used [0x0000000082800000,0x000000008317d9c8,0x0000000086100000)
 Metaspace       used 29209K, capacity 29612K, committed 29952K, reserved 1075200K
  class space    used 3608K, capacity 3723K, committed 3840K, reserved 1048576K
}
Event: 6.150 GC heap before
{Heap before GC invocations=9 (full 1):
 PSYoungGen      total 136704K, used 134418K [0x00000000d6300000, 0x00000000e2580000, 0x0000000100000000)
  eden space 125440K, 100% used [0x00000000d6300000,0x00000000ddd80000,0x00000000ddd80000)
  from space 11264K, 79% used [0x00000000ddd80000,0x00000000de644850,0x00000000de880000)
  to   space 11776K, 0% used [0x00000000e1a00000,0x00000000e1a00000,0x00000000e2580000)
 ParOldGen       total 58368K, used 9718K [0x0000000082800000, 0x0000000086100000, 0x00000000d6300000)
  object space 58368K, 16% used [0x0000000082800000,0x000000008317d9c8,0x0000000086100000)
 Metaspace       used 32284K, capacity 32706K, committed 33024K, reserved 1079296K
  class space    used 3921K, capacity 4030K, committed 4096K, reserved 1048576K
Event: 6.176 GC heap after
Heap after GC invocations=9 (full 1):
 PSYoungGen      total 185856K, used 11765K [0x00000000d6300000, 0x00000000e3e80000, 0x0000000100000000)
  eden space 174080K, 0% used [0x00000000d6300000,0x00000000d6300000,0x00000000e0d00000)
  from space 11776K, 99% used [0x00000000e1a00000,0x00000000e257d668,0x00000000e2580000)
  to   space 13312K, 0% used [0x00000000e0d00000,0x00000000e0d00000,0x00000000e1a00000)
 ParOldGen       total 58368K, used 10132K [0x0000000082800000, 0x0000000086100000, 0x00000000d6300000)
  object space 58368K, 17% used [0x0000000082800000,0x00000000831e5110,0x0000000086100000)
 Metaspace       used 32284K, capacity 32706K, committed 33024K, reserved 1079296K
  class space    used 3921K, capacity 4030K, committed 4096K, reserved 1048576K
}
Event: 6.603 GC heap before
{Heap before GC invocations=10 (full 1):
 PSYoungGen      total 185856K, used 49473K [0x00000000d6300000, 0x00000000e3e80000, 0x0000000100000000)
  eden space 174080K, 21% used [0x00000000d6300000,0x00000000d87d2fb8,0x00000000e0d00000)
  from space 11776K, 99% used [0x00000000e1a00000,0x00000000e257d668,0x00000000e2580000)
  to   space 13312K, 0% used [0x00000000e0d00000,0x00000000e0d00000,0x00000000e1a00000)
 ParOldGen       total 58368K, used 10132K [0x0000000082800000, 0x0000000086100000, 0x00000000d6300000)
  object space 58368K, 17% used [0x0000000082800000,0x00000000831e5110,0x0000000086100000)
 Metaspace       used 34731K, capacity 35144K, committed 35456K, reserved 1081344K
  class space    used 4239K, capacity 4390K, committed 4480K, reserved 1048576K
Event: 6.622 GC heap after
Heap after GC invocations=10 (full 1):
 PSYoungGen      total 187392K, used 10975K [0x00000000d6300000, 0x00000000e6480000, 0x0000000100000000)
  eden space 174080K, 0% used [0x00000000d6300000,0x00000000d6300000,0x00000000e0d00000)
  from space 13312K, 82% used [0x00000000e0d00000,0x00000000e17b7c58,0x00000000e1a00000)
  to   space 13824K, 0% used [0x00000000e5700000,0x00000000e5700000,0x00000000e6480000)
 ParOldGen       total 58368K, used 12348K [0x0000000082800000, 0x0000000086100000, 0x00000000d6300000)
  object space 58368K, 21% used [0x0000000082800000,0x000000008340f110,0x0000000086100000)
 Metaspace       used 34731K, capacity 35144K, committed 35456K, reserved 1081344K
  class space    used 4239K, capacity 4390K, committed 4480K, reserved 1048576K
}
Event: 6.622 GC heap before
{Heap before GC invocations=11 (full 2):
 PSYoungGen      total 187392K, used 10975K [0x00000000d6300000, 0x00000000e6480000, 0x0000000100000000)
  eden space 174080K, 0% used [0x00000000d6300000,0x00000000d6300000,0x00000000e0d00000)
  from space 13312K, 82% used [0x00000000e0d00000,0x00000000e17b7c58,0x00000000e1a00000)
  to   space 13824K, 0% used [0x00000000e5700000,0x00000000e5700000,0x00000000e6480000)
 ParOldGen       total 58368K, used 12348K [0x0000000082800000, 0x0000000086100000, 0x00000000d6300000)
  object space 58368K, 21% used [0x0000000082800000,0x000000008340f110,0x0000000086100000)
 Metaspace       used 34731K, capacity 35144K, committed 35456K, reserved 1081344K
  class space    used 4239K, capacity 4390K, committed 4480K, reserved 1048576K
Event: 6.754 GC heap after
Heap after GC invocations=11 (full 2):
 PSYoungGen      total 187392K, used 0K [0x00000000d6300000, 0x00000000e6480000, 0x0000000100000000)
  eden space 174080K, 0% used [0x00000000d6300000,0x00000000d6300000,0x00000000e0d00000)
  from space 13312K, 0% used [0x00000000e0d00000,0x00000000e0d00000,0x00000000e1a00000)
  to   space 13824K, 0% used [0x00000000e5700000,0x00000000e5700000,0x00000000e6480000)
 ParOldGen       total 89600K, used 22193K [0x0000000082800000, 0x0000000087f80000, 0x00000000d6300000)
  object space 89600K, 24% used [0x0000000082800000,0x0000000083dac790,0x0000000087f80000)
 Metaspace       used 34731K, capacity 35144K, committed 35456K, reserved 1081344K
  class space    used 4239K, capacity 4390K, committed 4480K, reserved 1048576K
}
Event: 123.822 GC heap before
{Heap before GC invocations=12 (full 2):
 PSYoungGen      total 187392K, used 174080K [0x00000000d6300000, 0x00000000e6480000, 0x0000000100000000)
  eden space 174080K, 100% used [0x00000000d6300000,0x00000000e0d00000,0x00000000e0d00000)
  from space 13312K, 0% used [0x00000000e0d00000,0x00000000e0d00000,0x00000000e1a00000)
  to   space 13824K, 0% used [0x00000000e5700000,0x00000000e5700000,0x00000000e6480000)
 ParOldGen       total 89600K, used 22193K [0x0000000082800000, 0x0000000087f80000, 0x00000000d6300000)
  object space 89600K, 24% used [0x0000000082800000,0x0000000083dac790,0x0000000087f80000)
 Metaspace       used 39601K, capacity 40086K, committed 40704K, reserved 1085440K
  class space    used 4889K, capacity 5051K, committed 5120K, reserved 1048576K
Event: 123.833 GC heap after
Heap after GC invocations=12 (full 2):
 PSYoungGen      total 232448K, used 6395K [0x00000000d6300000, 0x00000000e5d80000, 0x0000000100000000)
  eden space 225792K, 0% used [0x00000000d6300000,0x00000000d6300000,0x00000000e3f80000)
  from space 6656K, 96% used [0x00000000e5700000,0x00000000e5d3ef78,0x00000000e5d80000)
  to   space 13824K, 0% used [0x00000000e4280000,0x00000000e4280000,0x00000000e5000000)
 ParOldGen       total 89600K, used 22201K [0x0000000082800000, 0x0000000087f80000, 0x00000000d6300000)
  object space 89600K, 24% used [0x0000000082800000,0x0000000083dae790,0x0000000087f80000)
 Metaspace       used 39601K, capacity 40086K, committed 40704K, reserved 1085440K
  class space    used 4889K, capacity 5051K, committed 5120K, reserved 1048576K
}

