# JRE version: Java(TM) SE Runtime Environment (8.0_111-b14) (build 1.8.0_111-b14)
# Java VM: Java HotSpot(TM) 64-Bit Server VM (25.111-b14 mixed mode windows-amd64 compressed oops)
Heap:
 PSYoungGen      total 158720K, used 3894K [0x00000000d6300000, 0x00000000e1100000, 0x0000000100000000)
  eden space 148480K, 1% used [0x00000000d6300000,0x00000000d647da48,0x00000000df400000)
  from space 10240K, 23% used [0x00000000e0700000,0x00000000e0950060,0x00000000e1100000)
  to   space 14848K, 0% used [0x00000000df400000,0x00000000df400000,0x00000000e0280000)
 ParOldGen       total 111104K, used 23401K [0x0000000082800000, 0x0000000089480000, 0x00000000d6300000)
  object space 111104K, 21% used [0x0000000082800000,0x0000000083eda580,0x0000000089480000)
 Metaspace       used 39349K, capacity 39812K, committed 40192K, reserved 1085440K
  class space    used 4652K, capacity 4806K, committed 4864K, reserved 1048576K
GC Heap History (10 events):
Event: 5.286 GC heap before
{Heap before GC invocations=8 (full 1):
 PSYoungGen      total 100864K, used 98560K [0x00000000d6300000, 0x00000000dd200000, 0x0000000100000000)
  eden space 91136K, 100% used [0x00000000d6300000,0x00000000dbc00000,0x00000000dbc00000)
  from space 9728K, 76% used [0x00000000dc880000,0x00000000dcfc0278,0x00000000dd200000)
  to   space 11264K, 0% used [0x00000000dbc00000,0x00000000dbc00000,0x00000000dc700000)
 ParOldGen       total 69120K, used 11319K [0x0000000082800000, 0x0000000086b80000, 0x00000000d6300000)
  object space 69120K, 16% used [0x0000000082800000,0x000000008330de60,0x0000000086b80000)
 Metaspace       used 30127K, capacity 30522K, committed 30720K, reserved 1077248K
  class space    used 3674K, capacity 3746K, committed 3840K, reserved 1048576K
Event: 5.310 GC heap after
Heap after GC invocations=8 (full 1):
 PSYoungGen      total 102400K, used 9968K [0x00000000d6300000, 0x00000000df700000, 0x0000000100000000)
  eden space 91136K, 0% used [0x00000000d6300000,0x00000000d6300000,0x00000000dbc00000)
  from space 11264K, 88% used [0x00000000dbc00000,0x00000000dc5bc360,0x00000000dc700000)
  to   space 11776K, 0% used [0x00000000deb80000,0x00000000deb80000,0x00000000df700000)
 ParOldGen       total 69120K, used 11327K [0x0000000082800000, 0x0000000086b80000, 0x00000000d6300000)
  object space 69120K, 16% used [0x0000000082800000,0x000000008330fe60,0x0000000086b80000)
 Metaspace       used 30127K, capacity 30522K, committed 30720K, reserved 1077248K
  class space    used 3674K, capacity 3746K, committed 3840K, reserved 1048576K
}
Event: 6.332 GC heap before
{Heap before GC invocations=9 (full 1):
 PSYoungGen      total 102400K, used 96841K [0x00000000d6300000, 0x00000000df700000, 0x0000000100000000)
  eden space 91136K, 95% used [0x00000000d6300000,0x00000000db7d60d8,0x00000000dbc00000)
  from space 11264K, 88% used [0x00000000dbc00000,0x00000000dc5bc360,0x00000000dc700000)
  to   space 11776K, 0% used [0x00000000deb80000,0x00000000deb80000,0x00000000df700000)
 ParOldGen       total 69120K, used 11327K [0x0000000082800000, 0x0000000086b80000, 0x00000000d6300000)
  object space 69120K, 16% used [0x0000000082800000,0x000000008330fe60,0x0000000086b80000)
 Metaspace       used 34895K, capacity 35268K, committed 35496K, reserved 1081344K
  class space    used 4201K, capacity 4346K, committed 4352K, reserved 1048576K
Event: 6.364 GC heap after
Heap after GC invocations=9 (full 1):
 PSYoungGen      total 137216K, used 11766K [0x00000000d6300000, 0x00000000dfe80000, 0x0000000100000000)
  eden space 125440K, 0% used [0x00000000d6300000,0x00000000d6300000,0x00000000ddd80000)
  from space 11776K, 99% used [0x00000000deb80000,0x00000000df6fdb80,0x00000000df700000)
  to   space 14336K, 0% used [0x00000000ddd80000,0x00000000ddd80000,0x00000000deb80000)
 ParOldGen       total 69120K, used 14280K [0x0000000082800000, 0x0000000086b80000, 0x00000000d6300000)
  object space 69120K, 20% used [0x0000000082800000,0x00000000835f20c8,0x0000000086b80000)
 Metaspace       used 34895K, capacity 35268K, committed 35496K, reserved 1081344K
  class space    used 4201K, capacity 4346K, committed 4352K, reserved 1048576K
}
Event: 6.364 GC heap before
{Heap before GC invocations=10 (full 2):
 PSYoungGen      total 137216K, used 11766K [0x00000000d6300000, 0x00000000dfe80000, 0x0000000100000000)
  eden space 125440K, 0% used [0x00000000d6300000,0x00000000d6300000,0x00000000ddd80000)
  from space 11776K, 99% used [0x00000000deb80000,0x00000000df6fdb80,0x00000000df700000)
  to   space 14336K, 0% used [0x00000000ddd80000,0x00000000ddd80000,0x00000000deb80000)
 ParOldGen       total 69120K, used 14280K [0x0000000082800000, 0x0000000086b80000, 0x00000000d6300000)
  object space 69120K, 20% used [0x0000000082800000,0x00000000835f20c8,0x0000000086b80000)
 Metaspace       used 34895K, capacity 35268K, committed 35496K, reserved 1081344K
  class space    used 4201K, capacity 4346K, committed 4352K, reserved 1048576K
Event: 6.491 GC heap after
Heap after GC invocations=10 (full 2):
 PSYoungGen      total 137216K, used 0K [0x00000000d6300000, 0x00000000dfe80000, 0x0000000100000000)
  eden space 125440K, 0% used [0x00000000d6300000,0x00000000d6300000,0x00000000ddd80000)
  from space 11776K, 0% used [0x00000000deb80000,0x00000000deb80000,0x00000000df700000)
  to   space 14336K, 0% used [0x00000000ddd80000,0x00000000ddd80000,0x00000000deb80000)
 ParOldGen       total 111104K, used 23385K [0x0000000082800000, 0x0000000089480000, 0x00000000d6300000)
  object space 111104K, 21% used [0x0000000082800000,0x0000000083ed6580,0x0000000089480000)
 Metaspace       used 34895K, capacity 35268K, committed 35496K, reserved 1081344K
  class space    used 4201K, capacity 4346K, committed 4352K, reserved 1048576K
}
Event: 165.228 GC heap before
{Heap before GC invocations=11 (full 2):
 PSYoungGen      total 137216K, used 125440K [0x00000000d6300000, 0x00000000dfe80000, 0x0000000100000000)
  eden space 125440K, 100% used [0x00000000d6300000,0x00000000ddd80000,0x00000000ddd80000)
  from space 11776K, 0% used [0x00000000deb80000,0x00000000deb80000,0x00000000df700000)
  to   space 14336K, 0% used [0x00000000ddd80000,0x00000000ddd80000,0x00000000deb80000)
 ParOldGen       total 111104K, used 23385K [0x0000000082800000, 0x0000000089480000, 0x00000000d6300000)
  object space 111104K, 21% used [0x0000000082800000,0x0000000083ed6580,0x0000000089480000)
 Metaspace       used 38762K, capacity 39206K, committed 39680K, reserved 1083392K
  class space    used 4647K, capacity 4801K, committed 4864K, reserved 1048576K
Event: 165.238 GC heap after
Heap after GC invocations=11 (full 2):
 PSYoungGen      total 139776K, used 4612K [0x00000000d6300000, 0x00000000e1580000, 0x0000000100000000)
  eden space 125440K, 0% used [0x00000000d6300000,0x00000000d6300000,0x00000000ddd80000)
  from space 14336K, 32% used [0x00000000ddd80000,0x00000000de201030,0x00000000deb80000)
  to   space 14848K, 0% used [0x00000000e0700000,0x00000000e0700000,0x00000000e1580000)
 ParOldGen       total 111104K, used 23393K [0x0000000082800000, 0x0000000089480000, 0x00000000d6300000)
  object space 111104K, 21% used [0x0000000082800000,0x0000000083ed8580,0x0000000089480000)
 Metaspace       used 38762K, capacity 39206K, committed 39680K, reserved 1083392K
  class space    used 4647K, capacity 4801K, committed 4864K, reserved 1048576K
}
Event: 2675.602 GC heap before
{Heap before GC invocations=12 (full 2):
 PSYoungGen      total 139776K, used 130052K [0x00000000d6300000, 0x00000000e1580000, 0x0000000100000000)
  eden space 125440K, 100% used [0x00000000d6300000,0x00000000ddd80000,0x00000000ddd80000)
  from space 14336K, 32% used [0x00000000ddd80000,0x00000000de201030,0x00000000deb80000)
  to   space 14848K, 0% used [0x00000000e0700000,0x00000000e0700000,0x00000000e1580000)
 ParOldGen       total 111104K, used 23393K [0x0000000082800000, 0x0000000089480000, 0x00000000d6300000)
  object space 111104K, 21% used [0x0000000082800000,0x0000000083ed8580,0x0000000089480000)
 Metaspace       used 39345K, capacity 39812K, committed 40192K, reserved 1085440K
  class space    used 4652K, capacity 4806K, committed 4864K, reserved 1048576K
Event: 2675.607 GC heap after
Heap after GC invocations=12 (full 2):
 PSYoungGen      total 158720K, used 2368K [0x00000000d6300000, 0x00000000e1100000, 0x0000000100000000)
  eden space 148480K, 0% used [0x00000000d6300000,0x00000000d6300000,0x00000000df400000)
  from space 10240K, 23% used [0x00000000e0700000,0x00000000e0950060,0x00000000e1100000)
  to   space 14848K, 0% used [0x00000000df400000,0x00000000df400000,0x00000000e0280000)
 ParOldGen       total 111104K, used 23401K [0x0000000082800000, 0x0000000089480000, 0x00000000d6300000)
  object space 111104K, 21% used [0x0000000082800000,0x0000000083eda580,0x0000000089480000)
 Metaspace       used 39345K, capacity 39812K, committed 40192K, reserved 1085440K
  class space    used 4652K, capacity 4806K, committed 4864K, reserved 1048576K
}

