# JRE version: Java(TM) SE Runtime Environment (8.0_111-b14) (build 1.8.0_111-b14)
# Java VM: Java HotSpot(TM) 64-Bit Server VM (25.111-b14 mixed mode windows-amd64 compressed oops)
Heap:
 PSYoungGen      total 233984K, used 46878K [0x00000000d6300000, 0x00000000e5f80000, 0x0000000100000000)
  eden space 221696K, 21% used [0x00000000d6300000,0x00000000d90c7900,0x00000000e3b80000)
  from space 12288K, 0% used [0x00000000e4a80000,0x00000000e4a80000,0x00000000e5680000)
  to   space 15360K, 0% used [0x00000000e3b80000,0x00000000e3b80000,0x00000000e4a80000)
 ParOldGen       total 76800K, used 24111K [0x0000000082800000, 0x0000000087300000, 0x00000000d6300000)
  object space 76800K, 31% used [0x0000000082800000,0x0000000083f8bf28,0x0000000087300000)
 Metaspace       used 37344K, capacity 37762K, committed 38016K, reserved 1083392K
  class space    used 4518K, capacity 4667K, committed 4736K, reserved 1048576K
GC Heap History (10 events):
Event: 2.080 GC heap before
{Heap before GC invocations=6 (full 1):
 PSYoungGen      total 70656K, used 5117K [0x00000000d6300000, 0x00000000dfa00000, 0x0000000100000000)
  eden space 65536K, 0% used [0x00000000d6300000,0x00000000d6300000,0x00000000da300000)
  from space 5120K, 99% used [0x00000000da300000,0x00000000da7ff4d8,0x00000000da800000)
  to   space 11776K, 0% used [0x00000000dee80000,0x00000000dee80000,0x00000000dfa00000)
 ParOldGen       total 86016K, used 11610K [0x0000000082800000, 0x0000000087c00000, 0x00000000d6300000)
  object space 86016K, 13% used [0x0000000082800000,0x0000000083356ac0,0x0000000087c00000)
 Metaspace       used 20865K, capacity 21092K, committed 21296K, reserved 1069056K
  class space    used 2521K, capacity 2617K, committed 2688K, reserved 1048576K
Event: 2.130 GC heap after
Heap after GC invocations=6 (full 1):
 PSYoungGen      total 70656K, used 0K [0x00000000d6300000, 0x00000000dfa00000, 0x0000000100000000)
  eden space 65536K, 0% used [0x00000000d6300000,0x00000000d6300000,0x00000000da300000)
  from space 5120K, 0% used [0x00000000da300000,0x00000000da300000,0x00000000da800000)
  to   space 11776K, 0% used [0x00000000dee80000,0x00000000dee80000,0x00000000dfa00000)
 ParOldGen       total 53760K, used 10614K [0x0000000082800000, 0x0000000085c80000, 0x00000000d6300000)
  object space 53760K, 19% used [0x0000000082800000,0x000000008325daf8,0x0000000085c80000)
 Metaspace       used 20865K, capacity 21092K, committed 21296K, reserved 1069056K
  class space    used 2521K, capacity 2617K, committed 2688K, reserved 1048576K
}
Event: 3.208 GC heap before
{Heap before GC invocations=7 (full 1):
 PSYoungGen      total 70656K, used 65536K [0x00000000d6300000, 0x00000000dfa00000, 0x0000000100000000)
  eden space 65536K, 100% used [0x00000000d6300000,0x00000000da300000,0x00000000da300000)
  from space 5120K, 0% used [0x00000000da300000,0x00000000da300000,0x00000000da800000)
  to   space 11776K, 0% used [0x00000000dee80000,0x00000000dee80000,0x00000000dfa00000)
 ParOldGen       total 53760K, used 10614K [0x0000000082800000, 0x0000000085c80000, 0x00000000d6300000)
  object space 53760K, 19% used [0x0000000082800000,0x000000008325daf8,0x0000000085c80000)
 Metaspace       used 24518K, capacity 24866K, committed 25088K, reserved 1071104K
  class space    used 2983K, capacity 3054K, committed 3072K, reserved 1048576K
Event: 3.217 GC heap after
Heap after GC invocations=7 (full 1):
 PSYoungGen      total 128512K, used 5727K [0x00000000d6300000, 0x00000000df480000, 0x0000000100000000)
  eden space 122368K, 0% used [0x00000000d6300000,0x00000000d6300000,0x00000000dda80000)
  from space 6144K, 93% used [0x00000000dee80000,0x00000000df417e38,0x00000000df480000)
  to   space 11264K, 0% used [0x00000000dde80000,0x00000000dde80000,0x00000000de980000)
 ParOldGen       total 53760K, used 10622K [0x0000000082800000, 0x0000000085c80000, 0x00000000d6300000)
  object space 53760K, 19% used [0x0000000082800000,0x000000008325faf8,0x0000000085c80000)
 Metaspace       used 24518K, capacity 24866K, committed 25088K, reserved 1071104K
  class space    used 2983K, capacity 3054K, committed 3072K, reserved 1048576K
}
Event: 5.016 GC heap before
{Heap before GC invocations=8 (full 1):
 PSYoungGen      total 128512K, used 128095K [0x00000000d6300000, 0x00000000df480000, 0x0000000100000000)
  eden space 122368K, 100% used [0x00000000d6300000,0x00000000dda80000,0x00000000dda80000)
  from space 6144K, 93% used [0x00000000dee80000,0x00000000df417e38,0x00000000df480000)
  to   space 11264K, 0% used [0x00000000dde80000,0x00000000dde80000,0x00000000de980000)
 ParOldGen       total 53760K, used 10622K [0x0000000082800000, 0x0000000085c80000, 0x00000000d6300000)
  object space 53760K, 19% used [0x0000000082800000,0x000000008325faf8,0x0000000085c80000)
 Metaspace       used 29283K, capacity 29586K, committed 29824K, reserved 1075200K
  class space    used 3564K, capacity 3638K, committed 3712K, reserved 1048576K
Event: 5.062 GC heap after
Heap after GC invocations=8 (full 1):
 PSYoungGen      total 137728K, used 10305K [0x00000000d6300000, 0x00000000e5680000, 0x0000000100000000)
  eden space 126464K, 0% used [0x00000000d6300000,0x00000000d6300000,0x00000000dde80000)
  from space 11264K, 91% used [0x00000000dde80000,0x00000000de8905f8,0x00000000de980000)
  to   space 12288K, 0% used [0x00000000e4a80000,0x00000000e4a80000,0x00000000e5680000)
 ParOldGen       total 53760K, used 10622K [0x0000000082800000, 0x0000000085c80000, 0x00000000d6300000)
  object space 53760K, 19% used [0x0000000082800000,0x000000008325faf8,0x0000000085c80000)
 Metaspace       used 29283K, capacity 29586K, committed 29824K, reserved 1075200K
  class space    used 3564K, capacity 3638K, committed 3712K, reserved 1048576K
}
Event: 6.532 GC heap before
{Heap before GC invocations=9 (full 1):
 PSYoungGen      total 137728K, used 135100K [0x00000000d6300000, 0x00000000e5680000, 0x0000000100000000)
  eden space 126464K, 98% used [0x00000000d6300000,0x00000000ddcdeab0,0x00000000dde80000)
  from space 11264K, 91% used [0x00000000dde80000,0x00000000de8905f8,0x00000000de980000)
  to   space 12288K, 0% used [0x00000000e4a80000,0x00000000e4a80000,0x00000000e5680000)
 ParOldGen       total 53760K, used 10622K [0x0000000082800000, 0x0000000085c80000, 0x00000000d6300000)
  object space 53760K, 19% used [0x0000000082800000,0x000000008325faf8,0x0000000085c80000)
 Metaspace       used 34882K, capacity 35230K, committed 35496K, reserved 1081344K
  class space    used 4194K, capacity 4313K, committed 4352K, reserved 1048576K
Event: 6.573 GC heap after
Heap after GC invocations=9 (full 1):
 PSYoungGen      total 233984K, used 12266K [0x00000000d6300000, 0x00000000e5f80000, 0x0000000100000000)
  eden space 221696K, 0% used [0x00000000d6300000,0x00000000d6300000,0x00000000e3b80000)
  from space 12288K, 99% used [0x00000000e4a80000,0x00000000e567ab90,0x00000000e5680000)
  to   space 15360K, 0% used [0x00000000e3b80000,0x00000000e3b80000,0x00000000e4a80000)
 ParOldGen       total 53760K, used 13948K [0x0000000082800000, 0x0000000085c80000, 0x00000000d6300000)
  object space 53760K, 25% used [0x0000000082800000,0x000000008359f108,0x0000000085c80000)
 Metaspace       used 34882K, capacity 35230K, committed 35496K, reserved 1081344K
  class space    used 4194K, capacity 4313K, committed 4352K, reserved 1048576K
}
Event: 6.573 GC heap before
{Heap before GC invocations=10 (full 2):
 PSYoungGen      total 233984K, used 12266K [0x00000000d6300000, 0x00000000e5f80000, 0x0000000100000000)
  eden space 221696K, 0% used [0x00000000d6300000,0x00000000d6300000,0x00000000e3b80000)
  from space 12288K, 99% used [0x00000000e4a80000,0x00000000e567ab90,0x00000000e5680000)
  to   space 15360K, 0% used [0x00000000e3b80000,0x00000000e3b80000,0x00000000e4a80000)
 ParOldGen       total 53760K, used 13948K [0x0000000082800000, 0x0000000085c80000, 0x00000000d6300000)
  object space 53760K, 25% used [0x0000000082800000,0x000000008359f108,0x0000000085c80000)
 Metaspace       used 34882K, capacity 35230K, committed 35496K, reserved 1081344K
  class space    used 4194K, capacity 4313K, committed 4352K, reserved 1048576K
Event: 6.768 GC heap after
Heap after GC invocations=10 (full 2):
 PSYoungGen      total 233984K, used 0K [0x00000000d6300000, 0x00000000e5f80000, 0x0000000100000000)
  eden space 221696K, 0% used [0x00000000d6300000,0x00000000d6300000,0x00000000e3b80000)
  from space 12288K, 0% used [0x00000000e4a80000,0x00000000e4a80000,0x00000000e5680000)
  to   space 15360K, 0% used [0x00000000e3b80000,0x00000000e3b80000,0x00000000e4a80000)
 ParOldGen       total 76800K, used 24111K [0x0000000082800000, 0x0000000087300000, 0x00000000d6300000)
  object space 76800K, 31% used [0x0000000082800000,0x0000000083f8bf28,0x0000000087300000)
 Metaspace       used 34882K, capacity 35230K, committed 35496K, reserved 1081344K
  class space    used 4194K, capacity 4313K, committed 4352K, reserved 1048576K
}

