# JRE version: Java(TM) SE Runtime Environment (8.0_111-b14) (build 1.8.0_111-b14)
# Java VM: Java HotSpot(TM) 64-Bit Server VM (25.111-b14 mixed mode windows-amd64 compressed oops)
Heap:
 PSYoungGen      total 219648K, used 64462K [0x00000000d6300000, 0x00000000e5400000, 0x0000000100000000)
  eden space 214016K, 27% used [0x00000000d6300000,0x00000000d9cd1c90,0x00000000e3400000)
  from space 5632K, 93% used [0x00000000e4e80000,0x00000000e53a1f20,0x00000000e5400000)
  to   space 14848K, 0% used [0x00000000e3700000,0x00000000e3700000,0x00000000e4580000)
 ParOldGen       total 92672K, used 22802K [0x0000000082800000, 0x0000000088280000, 0x00000000d6300000)
  object space 92672K, 24% used [0x0000000082800000,0x0000000083e44920,0x0000000088280000)
 Metaspace       used 38857K, capacity 39296K, committed 39680K, reserved 1083392K
  class space    used 4673K, capacity 4832K, committed 4864K, reserved 1048576K
GC Heap History (10 events):
Event: 4.988 GC heap before
{Heap before GC invocations=8 (full 1):
 PSYoungGen      total 112128K, used 112110K [0x00000000d6300000, 0x00000000df300000, 0x0000000100000000)
  eden space 107520K, 100% used [0x00000000d6300000,0x00000000dcc00000,0x00000000dcc00000)
  from space 4608K, 99% used [0x00000000dee80000,0x00000000df2fbbb8,0x00000000df300000)
  to   space 11776K, 0% used [0x00000000ddc00000,0x00000000ddc00000,0x00000000de780000)
 ParOldGen       total 59392K, used 9999K [0x0000000082800000, 0x0000000086200000, 0x00000000d6300000)
  object space 59392K, 16% used [0x0000000082800000,0x00000000831c3c98,0x0000000086200000)
 Metaspace       used 28361K, capacity 28740K, committed 28928K, reserved 1075200K
  class space    used 3443K, capacity 3545K, committed 3584K, reserved 1048576K
Event: 4.999 GC heap after
Heap after GC invocations=8 (full 1):
 PSYoungGen      total 135680K, used 8905K [0x00000000d6300000, 0x00000000e2100000, 0x0000000100000000)
  eden space 123904K, 0% used [0x00000000d6300000,0x00000000d6300000,0x00000000ddc00000)
  from space 11776K, 75% used [0x00000000ddc00000,0x00000000de4b25f0,0x00000000de780000)
  to   space 12288K, 0% used [0x00000000e1500000,0x00000000e1500000,0x00000000e2100000)
 ParOldGen       total 59392K, used 10007K [0x0000000082800000, 0x0000000086200000, 0x00000000d6300000)
  object space 59392K, 16% used [0x0000000082800000,0x00000000831c5c98,0x0000000086200000)
 Metaspace       used 28361K, capacity 28740K, committed 28928K, reserved 1075200K
  class space    used 3443K, capacity 3545K, committed 3584K, reserved 1048576K
}
Event: 6.154 GC heap before
{Heap before GC invocations=9 (full 1):
 PSYoungGen      total 135680K, used 132809K [0x00000000d6300000, 0x00000000e2100000, 0x0000000100000000)
  eden space 123904K, 100% used [0x00000000d6300000,0x00000000ddc00000,0x00000000ddc00000)
  from space 11776K, 75% used [0x00000000ddc00000,0x00000000de4b25f0,0x00000000de780000)
  to   space 12288K, 0% used [0x00000000e1500000,0x00000000e1500000,0x00000000e2100000)
 ParOldGen       total 59392K, used 10007K [0x0000000082800000, 0x0000000086200000, 0x00000000d6300000)
  object space 59392K, 16% used [0x0000000082800000,0x00000000831c5c98,0x0000000086200000)
 Metaspace       used 31628K, capacity 32062K, committed 32384K, reserved 1077248K
  class space    used 3798K, capacity 3921K, committed 3968K, reserved 1048576K
Event: 6.174 GC heap after
Heap after GC invocations=9 (full 1):
 PSYoungGen      total 180736K, used 12183K [0x00000000d6300000, 0x00000000e3900000, 0x0000000100000000)
  eden space 168448K, 0% used [0x00000000d6300000,0x00000000d6300000,0x00000000e0780000)
  from space 12288K, 99% used [0x00000000e1500000,0x00000000e20e5d10,0x00000000e2100000)
  to   space 13824K, 0% used [0x00000000e0780000,0x00000000e0780000,0x00000000e1500000)
 ParOldGen       total 59392K, used 10015K [0x0000000082800000, 0x0000000086200000, 0x00000000d6300000)
  object space 59392K, 16% used [0x0000000082800000,0x00000000831c7c98,0x0000000086200000)
 Metaspace       used 31628K, capacity 32062K, committed 32384K, reserved 1077248K
  class space    used 3798K, capacity 3921K, committed 3968K, reserved 1048576K
}
Event: 6.979 GC heap before
{Heap before GC invocations=10 (full 1):
 PSYoungGen      total 180736K, used 81736K [0x00000000d6300000, 0x00000000e3900000, 0x0000000100000000)
  eden space 168448K, 41% used [0x00000000d6300000,0x00000000da6ec648,0x00000000e0780000)
  from space 12288K, 99% used [0x00000000e1500000,0x00000000e20e5d10,0x00000000e2100000)
  to   space 13824K, 0% used [0x00000000e0780000,0x00000000e0780000,0x00000000e1500000)
 ParOldGen       total 59392K, used 10015K [0x0000000082800000, 0x0000000086200000, 0x00000000d6300000)
  object space 59392K, 16% used [0x0000000082800000,0x00000000831c7c98,0x0000000086200000)
 Metaspace       used 34893K, capacity 35274K, committed 35496K, reserved 1081344K
  class space    used 4200K, capacity 4347K, committed 4352K, reserved 1048576K
Event: 7.015 GC heap after
Heap after GC invocations=10 (full 1):
 PSYoungGen      total 182272K, used 12648K [0x00000000d6300000, 0x00000000e5d00000, 0x0000000100000000)
  eden space 168448K, 0% used [0x00000000d6300000,0x00000000d6300000,0x00000000e0780000)
  from space 13824K, 91% used [0x00000000e0780000,0x00000000e13da270,0x00000000e1500000)
  to   space 14848K, 0% used [0x00000000e4e80000,0x00000000e4e80000,0x00000000e5d00000)
 ParOldGen       total 59392K, used 11687K [0x0000000082800000, 0x0000000086200000, 0x00000000d6300000)
  object space 59392K, 19% used [0x0000000082800000,0x0000000083369c98,0x0000000086200000)
 Metaspace       used 34893K, capacity 35274K, committed 35496K, reserved 1081344K
  class space    used 4200K, capacity 4347K, committed 4352K, reserved 1048576K
}
Event: 7.015 GC heap before
{Heap before GC invocations=11 (full 2):
 PSYoungGen      total 182272K, used 12648K [0x00000000d6300000, 0x00000000e5d00000, 0x0000000100000000)
  eden space 168448K, 0% used [0x00000000d6300000,0x00000000d6300000,0x00000000e0780000)
  from space 13824K, 91% used [0x00000000e0780000,0x00000000e13da270,0x00000000e1500000)
  to   space 14848K, 0% used [0x00000000e4e80000,0x00000000e4e80000,0x00000000e5d00000)
 ParOldGen       total 59392K, used 11687K [0x0000000082800000, 0x0000000086200000, 0x00000000d6300000)
  object space 59392K, 19% used [0x0000000082800000,0x0000000083369c98,0x0000000086200000)
 Metaspace       used 34893K, capacity 35274K, committed 35496K, reserved 1081344K
  class space    used 4200K, capacity 4347K, committed 4352K, reserved 1048576K
Event: 7.183 GC heap after
Heap after GC invocations=11 (full 2):
 PSYoungGen      total 182272K, used 0K [0x00000000d6300000, 0x00000000e5d00000, 0x0000000100000000)
  eden space 168448K, 0% used [0x00000000d6300000,0x00000000d6300000,0x00000000e0780000)
  from space 13824K, 0% used [0x00000000e0780000,0x00000000e0780000,0x00000000e1500000)
  to   space 14848K, 0% used [0x00000000e4e80000,0x00000000e4e80000,0x00000000e5d00000)
 ParOldGen       total 92672K, used 22794K [0x0000000082800000, 0x0000000088280000, 0x00000000d6300000)
  object space 92672K, 24% used [0x0000000082800000,0x0000000083e42920,0x0000000088280000)
 Metaspace       used 34893K, capacity 35274K, committed 35496K, reserved 1081344K
  class space    used 4200K, capacity 4347K, committed 4352K, reserved 1048576K
}
Event: 171.870 GC heap before
{Heap before GC invocations=12 (full 2):
 PSYoungGen      total 182272K, used 168448K [0x00000000d6300000, 0x00000000e5d00000, 0x0000000100000000)
  eden space 168448K, 100% used [0x00000000d6300000,0x00000000e0780000,0x00000000e0780000)
  from space 13824K, 0% used [0x00000000e0780000,0x00000000e0780000,0x00000000e1500000)
  to   space 14848K, 0% used [0x00000000e4e80000,0x00000000e4e80000,0x00000000e5d00000)
 ParOldGen       total 92672K, used 22794K [0x0000000082800000, 0x0000000088280000, 0x00000000d6300000)
  object space 92672K, 24% used [0x0000000082800000,0x0000000083e42920,0x0000000088280000)
 Metaspace       used 38857K, capacity 39296K, committed 39680K, reserved 1083392K
  class space    used 4673K, capacity 4832K, committed 4864K, reserved 1048576K
Event: 171.878 GC heap after
Heap after GC invocations=12 (full 2):
 PSYoungGen      total 219648K, used 5255K [0x00000000d6300000, 0x00000000e5400000, 0x0000000100000000)
  eden space 214016K, 0% used [0x00000000d6300000,0x00000000d6300000,0x00000000e3400000)
  from space 5632K, 93% used [0x00000000e4e80000,0x00000000e53a1f20,0x00000000e5400000)
  to   space 14848K, 0% used [0x00000000e3700000,0x00000000e3700000,0x00000000e4580000)
 ParOldGen       total 92672K, used 22802K [0x0000000082800000, 0x0000000088280000, 0x00000000d6300000)
  object space 92672K, 24% used [0x0000000082800000,0x0000000083e44920,0x0000000088280000)
 Metaspace       used 38857K, capacity 39296K, committed 39680K, reserved 1083392K
  class space    used 4673K, capacity 4832K, committed 4864K, reserved 1048576K
}

