# JRE version: Java(TM) SE Runtime Environment (8.0_111-b14) (build 1.8.0_111-b14)
# Java VM: Java HotSpot(TM) 64-Bit Server VM (25.111-b14 mixed mode windows-amd64 compressed oops)
Heap:
 PSYoungGen      total 677376K, used 11417K [0x00000000d6300000, 0x0000000100000000, 0x0000000100000000)
  eden space 669696K, 1% used [0x00000000d6300000,0x00000000d6b826a8,0x00000000ff100000)
  from space 7680K, 35% used [0x00000000ff880000,0x00000000ffb24010,0x0000000100000000)
  to   space 7680K, 0% used [0x00000000ff100000,0x00000000ff100000,0x00000000ff880000)
 ParOldGen       total 86016K, used 24513K [0x0000000082800000, 0x0000000087c00000, 0x00000000d6300000)
  object space 86016K, 28% used [0x0000000082800000,0x0000000083ff0518,0x0000000087c00000)
 Metaspace       used 39316K, capacity 39776K, committed 40188K, reserved 1085440K
  class space    used 4704K, capacity 4848K, committed 4864K, reserved 1048576K
GC Heap History (10 events):
Event: 75.016 GC heap before
{Heap before GC invocations=34 (full 2):
 PSYoungGen      total 676864K, used 673504K [0x00000000d6300000, 0x0000000100000000, 0x0000000100000000)
  eden space 669184K, 100% used [0x00000000d6300000,0x00000000ff080000,0x00000000ff080000)
  from space 7680K, 56% used [0x00000000ff080000,0x00000000ff4b8130,0x00000000ff800000)
  to   space 7680K, 0% used [0x00000000ff880000,0x00000000ff880000,0x0000000100000000)
 ParOldGen       total 86016K, used 23636K [0x0000000082800000, 0x0000000087c00000, 0x00000000d6300000)
  object space 86016K, 27% used [0x0000000082800000,0x0000000083f151b0,0x0000000087c00000)
 Metaspace       used 39054K, capacity 39496K, committed 39932K, reserved 1085440K
  class space    used 4692K, capacity 4844K, committed 4864K, reserved 1048576K
Event: 75.021 GC heap after
Heap after GC invocations=34 (full 2):
 PSYoungGen      total 677376K, used 3952K [0x00000000d6300000, 0x0000000100000000, 0x0000000100000000)
  eden space 669696K, 0% used [0x00000000d6300000,0x00000000d6300000,0x00000000ff100000)
  from space 7680K, 51% used [0x00000000ff880000,0x00000000ffc5c030,0x0000000100000000)
  to   space 7680K, 0% used [0x00000000ff100000,0x00000000ff100000,0x00000000ff880000)
 ParOldGen       total 86016K, used 23644K [0x0000000082800000, 0x0000000087c00000, 0x00000000d6300000)
  object space 86016K, 27% used [0x0000000082800000,0x0000000083f171b0,0x0000000087c00000)
 Metaspace       used 39054K, capacity 39496K, committed 39932K, reserved 1085440K
  class space    used 4692K, capacity 4844K, committed 4864K, reserved 1048576K
}
Event: 76.269 GC heap before
{Heap before GC invocations=35 (full 2):
 PSYoungGen      total 677376K, used 673648K [0x00000000d6300000, 0x0000000100000000, 0x0000000100000000)
  eden space 669696K, 100% used [0x00000000d6300000,0x00000000ff100000,0x00000000ff100000)
  from space 7680K, 51% used [0x00000000ff880000,0x00000000ffc5c030,0x0000000100000000)
  to   space 7680K, 0% used [0x00000000ff100000,0x00000000ff100000,0x00000000ff880000)
 ParOldGen       total 86016K, used 23644K [0x0000000082800000, 0x0000000087c00000, 0x00000000d6300000)
  object space 86016K, 27% used [0x0000000082800000,0x0000000083f171b0,0x0000000087c00000)
 Metaspace       used 39055K, capacity 39496K, committed 39932K, reserved 1085440K
  class space    used 4692K, capacity 4844K, committed 4864K, reserved 1048576K
Event: 76.275 GC heap after
Heap after GC invocations=35 (full 2):
 PSYoungGen      total 677376K, used 4560K [0x00000000d6300000, 0x0000000100000000, 0x0000000100000000)
  eden space 669696K, 0% used [0x00000000d6300000,0x00000000d6300000,0x00000000ff100000)
  from space 7680K, 59% used [0x00000000ff100000,0x00000000ff574040,0x00000000ff880000)
  to   space 7680K, 0% used [0x00000000ff880000,0x00000000ff880000,0x0000000100000000)
 ParOldGen       total 86016K, used 23644K [0x0000000082800000, 0x0000000087c00000, 0x00000000d6300000)
  object space 86016K, 27% used [0x0000000082800000,0x0000000083f171b0,0x0000000087c00000)
 Metaspace       used 39055K, capacity 39496K, committed 39932K, reserved 1085440K
  class space    used 4692K, capacity 4844K, committed 4864K, reserved 1048576K
}
Event: 77.548 GC heap before
{Heap before GC invocations=36 (full 2):
 PSYoungGen      total 677376K, used 674256K [0x00000000d6300000, 0x0000000100000000, 0x0000000100000000)
  eden space 669696K, 100% used [0x00000000d6300000,0x00000000ff100000,0x00000000ff100000)
  from space 7680K, 59% used [0x00000000ff100000,0x00000000ff574040,0x00000000ff880000)
  to   space 7680K, 0% used [0x00000000ff880000,0x00000000ff880000,0x0000000100000000)
 ParOldGen       total 86016K, used 23644K [0x0000000082800000, 0x0000000087c00000, 0x00000000d6300000)
  object space 86016K, 27% used [0x0000000082800000,0x0000000083f171b0,0x0000000087c00000)
 Metaspace       used 39058K, capacity 39496K, committed 39932K, reserved 1085440K
  class space    used 4692K, capacity 4844K, committed 4864K, reserved 1048576K
Event: 77.555 GC heap after
Heap after GC invocations=36 (full 2):
 PSYoungGen      total 677376K, used 4528K [0x00000000d6300000, 0x0000000100000000, 0x0000000100000000)
  eden space 669696K, 0% used [0x00000000d6300000,0x00000000d6300000,0x00000000ff100000)
  from space 7680K, 58% used [0x00000000ff880000,0x00000000ffcec030,0x0000000100000000)
  to   space 7680K, 0% used [0x00000000ff100000,0x00000000ff100000,0x00000000ff880000)
 ParOldGen       total 86016K, used 24212K [0x0000000082800000, 0x0000000087c00000, 0x00000000d6300000)
  object space 86016K, 28% used [0x0000000082800000,0x0000000083fa51b0,0x0000000087c00000)
 Metaspace       used 39058K, capacity 39496K, committed 39932K, reserved 1085440K
  class space    used 4692K, capacity 4844K, committed 4864K, reserved 1048576K
}
Event: 78.920 GC heap before
{Heap before GC invocations=37 (full 2):
 PSYoungGen      total 677376K, used 674224K [0x00000000d6300000, 0x0000000100000000, 0x0000000100000000)
  eden space 669696K, 100% used [0x00000000d6300000,0x00000000ff100000,0x00000000ff100000)
  from space 7680K, 58% used [0x00000000ff880000,0x00000000ffcec030,0x0000000100000000)
  to   space 7680K, 0% used [0x00000000ff100000,0x00000000ff100000,0x00000000ff880000)
 ParOldGen       total 86016K, used 24212K [0x0000000082800000, 0x0000000087c00000, 0x00000000d6300000)
  object space 86016K, 28% used [0x0000000082800000,0x0000000083fa51b0,0x0000000087c00000)
 Metaspace       used 39058K, capacity 39496K, committed 39932K, reserved 1085440K
  class space    used 4692K, capacity 4844K, committed 4864K, reserved 1048576K
Event: 78.925 GC heap after
Heap after GC invocations=37 (full 2):
 PSYoungGen      total 677376K, used 4736K [0x00000000d6300000, 0x0000000100000000, 0x0000000100000000)
  eden space 669696K, 0% used [0x00000000d6300000,0x00000000d6300000,0x00000000ff100000)
  from space 7680K, 61% used [0x00000000ff100000,0x00000000ff5a0150,0x00000000ff880000)
  to   space 7680K, 0% used [0x00000000ff880000,0x00000000ff880000,0x0000000100000000)
 ParOldGen       total 86016K, used 24332K [0x0000000082800000, 0x0000000087c00000, 0x00000000d6300000)
  object space 86016K, 28% used [0x0000000082800000,0x0000000083fc31b0,0x0000000087c00000)
 Metaspace       used 39058K, capacity 39496K, committed 39932K, reserved 1085440K
  class space    used 4692K, capacity 4844K, committed 4864K, reserved 1048576K
}
Event: 145.493 GC heap before
{Heap before GC invocations=38 (full 2):
 PSYoungGen      total 677376K, used 674432K [0x00000000d6300000, 0x0000000100000000, 0x0000000100000000)
  eden space 669696K, 100% used [0x00000000d6300000,0x00000000ff100000,0x00000000ff100000)
  from space 7680K, 61% used [0x00000000ff100000,0x00000000ff5a0150,0x00000000ff880000)
  to   space 7680K, 0% used [0x00000000ff880000,0x00000000ff880000,0x0000000100000000)
 ParOldGen       total 86016K, used 24332K [0x0000000082800000, 0x0000000087c00000, 0x00000000d6300000)
  object space 86016K, 28% used [0x0000000082800000,0x0000000083fc31b0,0x0000000087c00000)
 Metaspace       used 39316K, capacity 39776K, committed 40188K, reserved 1085440K
  class space    used 4704K, capacity 4848K, committed 4864K, reserved 1048576K
Event: 145.498 GC heap after
Heap after GC invocations=38 (full 2):
 PSYoungGen      total 677376K, used 2704K [0x00000000d6300000, 0x0000000100000000, 0x0000000100000000)
  eden space 669696K, 0% used [0x00000000d6300000,0x00000000d6300000,0x00000000ff100000)
  from space 7680K, 35% used [0x00000000ff880000,0x00000000ffb24010,0x0000000100000000)
  to   space 7680K, 0% used [0x00000000ff100000,0x00000000ff100000,0x00000000ff880000)
 ParOldGen       total 86016K, used 24513K [0x0000000082800000, 0x0000000087c00000, 0x00000000d6300000)
  object space 86016K, 28% used [0x0000000082800000,0x0000000083ff0518,0x0000000087c00000)
 Metaspace       used 39316K, capacity 39776K, committed 40188K, reserved 1085440K
  class space    used 4704K, capacity 4848K, committed 4864K, reserved 1048576K
}

