# JRE version: Java(TM) SE Runtime Environment (8.0_111-b14) (build 1.8.0_111-b14)
# Java VM: Java HotSpot(TM) 64-Bit Server VM (25.111-b14 mixed mode windows-amd64 compressed oops)
Heap:
 PSYoungGen      total 179712K, used 16969K [0x00000000d6300000, 0x00000000e2980000, 0x0000000100000000)
  eden space 172032K, 5% used [0x00000000d6300000,0x00000000d6c12c00,0x00000000e0b00000)
  from space 7680K, 99% used [0x00000000e2200000,0x00000000e297fb08,0x00000000e2980000)
  to   space 13824K, 0% used [0x00000000e0e80000,0x00000000e0e80000,0x00000000e1c00000)
 ParOldGen       total 101376K, used 21543K [0x0000000082800000, 0x0000000088b00000, 0x00000000d6300000)
  object space 101376K, 21% used [0x0000000082800000,0x0000000083d09e40,0x0000000088b00000)
 Metaspace       used 40414K, capacity 40900K, committed 41216K, reserved 1085440K
  class space    used 4947K, capacity 5094K, committed 5120K, reserved 1048576K
GC Heap History (10 events):
Event: 4.984 GC heap before
{Heap before GC invocations=8 (full 1):
 PSYoungGen      total 105472K, used 102924K [0x00000000d6300000, 0x00000000dd600000, 0x0000000100000000)
  eden space 96256K, 100% used [0x00000000d6300000,0x00000000dc100000,0x00000000dc100000)
  from space 9216K, 72% used [0x00000000dcd00000,0x00000000dd383180,0x00000000dd600000)
  to   space 10752K, 0% used [0x00000000dc100000,0x00000000dc100000,0x00000000dcb80000)
 ParOldGen       total 66048K, used 11717K [0x0000000082800000, 0x0000000086880000, 0x00000000d6300000)
  object space 66048K, 17% used [0x0000000082800000,0x0000000083371790,0x0000000086880000)
 Metaspace       used 29992K, capacity 30418K, committed 30720K, reserved 1077248K
  class space    used 3708K, capacity 3820K, committed 3840K, reserved 1048576K
Event: 4.997 GC heap after
Heap after GC invocations=8 (full 1):
 PSYoungGen      total 107008K, used 8762K [0x00000000d6300000, 0x00000000e0180000, 0x0000000100000000)
  eden space 96256K, 0% used [0x00000000d6300000,0x00000000d6300000,0x00000000dc100000)
  from space 10752K, 81% used [0x00000000dc100000,0x00000000dc98ebb0,0x00000000dcb80000)
  to   space 11264K, 0% used [0x00000000df680000,0x00000000df680000,0x00000000e0180000)
 ParOldGen       total 66048K, used 11725K [0x0000000082800000, 0x0000000086880000, 0x00000000d6300000)
  object space 66048K, 17% used [0x0000000082800000,0x0000000083373790,0x0000000086880000)
 Metaspace       used 29992K, capacity 30418K, committed 30720K, reserved 1077248K
  class space    used 3708K, capacity 3820K, committed 3840K, reserved 1048576K
}
Event: 5.869 GC heap before
{Heap before GC invocations=9 (full 1):
 PSYoungGen      total 107008K, used 105018K [0x00000000d6300000, 0x00000000e0180000, 0x0000000100000000)
  eden space 96256K, 100% used [0x00000000d6300000,0x00000000dc100000,0x00000000dc100000)
  from space 10752K, 81% used [0x00000000dc100000,0x00000000dc98ebb0,0x00000000dcb80000)
  to   space 11264K, 0% used [0x00000000df680000,0x00000000df680000,0x00000000e0180000)
 ParOldGen       total 66048K, used 11725K [0x0000000082800000, 0x0000000086880000, 0x00000000d6300000)
  object space 66048K, 17% used [0x0000000082800000,0x0000000083373790,0x0000000086880000)
 Metaspace       used 32652K, capacity 33090K, committed 33280K, reserved 1079296K
  class space    used 3975K, capacity 4094K, committed 4096K, reserved 1048576K
Event: 5.888 GC heap after
Heap after GC invocations=9 (full 1):
 PSYoungGen      total 149504K, used 11259K [0x00000000d6300000, 0x00000000e0600000, 0x0000000100000000)
  eden space 138240K, 0% used [0x00000000d6300000,0x00000000d6300000,0x00000000dea00000)
  from space 11264K, 99% used [0x00000000df680000,0x00000000e017ede0,0x00000000e0180000)
  to   space 12800K, 0% used [0x00000000dea00000,0x00000000dea00000,0x00000000df680000)
 ParOldGen       total 66048K, used 12664K [0x0000000082800000, 0x0000000086880000, 0x00000000d6300000)
  object space 66048K, 19% used [0x0000000082800000,0x000000008345e278,0x0000000086880000)
 Metaspace       used 32652K, capacity 33090K, committed 33280K, reserved 1079296K
  class space    used 3975K, capacity 4094K, committed 4096K, reserved 1048576K
}
Event: 6.319 GC heap before
{Heap before GC invocations=10 (full 1):
 PSYoungGen      total 149504K, used 49728K [0x00000000d6300000, 0x00000000e0600000, 0x0000000100000000)
  eden space 138240K, 27% used [0x00000000d6300000,0x00000000d88915c0,0x00000000dea00000)
  from space 11264K, 99% used [0x00000000df680000,0x00000000e017ede0,0x00000000e0180000)
  to   space 12800K, 0% used [0x00000000dea00000,0x00000000dea00000,0x00000000df680000)
 ParOldGen       total 66048K, used 12664K [0x0000000082800000, 0x0000000086880000, 0x00000000d6300000)
  object space 66048K, 19% used [0x0000000082800000,0x000000008345e278,0x0000000086880000)
 Metaspace       used 34781K, capacity 35144K, committed 35456K, reserved 1081344K
  class space    used 4242K, capacity 4390K, committed 4480K, reserved 1048576K
Event: 6.334 GC heap after
Heap after GC invocations=10 (full 1):
 PSYoungGen      total 151040K, used 12770K [0x00000000d6300000, 0x00000000e3000000, 0x0000000100000000)
  eden space 138240K, 0% used [0x00000000d6300000,0x00000000d6300000,0x00000000dea00000)
  from space 12800K, 99% used [0x00000000dea00000,0x00000000df678bb0,0x00000000df680000)
  to   space 14336K, 0% used [0x00000000e2200000,0x00000000e2200000,0x00000000e3000000)
 ParOldGen       total 66048K, used 12851K [0x0000000082800000, 0x0000000086880000, 0x00000000d6300000)
  object space 66048K, 19% used [0x0000000082800000,0x000000008348cf58,0x0000000086880000)
 Metaspace       used 34781K, capacity 35144K, committed 35456K, reserved 1081344K
  class space    used 4242K, capacity 4390K, committed 4480K, reserved 1048576K
}
Event: 6.334 GC heap before
{Heap before GC invocations=11 (full 2):
 PSYoungGen      total 151040K, used 12770K [0x00000000d6300000, 0x00000000e3000000, 0x0000000100000000)
  eden space 138240K, 0% used [0x00000000d6300000,0x00000000d6300000,0x00000000dea00000)
  from space 12800K, 99% used [0x00000000dea00000,0x00000000df678bb0,0x00000000df680000)
  to   space 14336K, 0% used [0x00000000e2200000,0x00000000e2200000,0x00000000e3000000)
 ParOldGen       total 66048K, used 12851K [0x0000000082800000, 0x0000000086880000, 0x00000000d6300000)
  object space 66048K, 19% used [0x0000000082800000,0x000000008348cf58,0x0000000086880000)
 Metaspace       used 34781K, capacity 35144K, committed 35456K, reserved 1081344K
  class space    used 4242K, capacity 4390K, committed 4480K, reserved 1048576K
Event: 6.443 GC heap after
Heap after GC invocations=11 (full 2):
 PSYoungGen      total 151040K, used 0K [0x00000000d6300000, 0x00000000e3000000, 0x0000000100000000)
  eden space 138240K, 0% used [0x00000000d6300000,0x00000000d6300000,0x00000000dea00000)
  from space 12800K, 0% used [0x00000000dea00000,0x00000000dea00000,0x00000000df680000)
  to   space 14336K, 0% used [0x00000000e2200000,0x00000000e2200000,0x00000000e3000000)
 ParOldGen       total 101376K, used 21535K [0x0000000082800000, 0x0000000088b00000, 0x00000000d6300000)
  object space 101376K, 21% used [0x0000000082800000,0x0000000083d07e40,0x0000000088b00000)
 Metaspace       used 34781K, capacity 35144K, committed 35456K, reserved 1081344K
  class space    used 4242K, capacity 4390K, committed 4480K, reserved 1048576K
}
Event: 8590.899 GC heap before
{Heap before GC invocations=12 (full 2):
 PSYoungGen      total 151040K, used 138240K [0x00000000d6300000, 0x00000000e3000000, 0x0000000100000000)
  eden space 138240K, 100% used [0x00000000d6300000,0x00000000dea00000,0x00000000dea00000)
  from space 12800K, 0% used [0x00000000dea00000,0x00000000dea00000,0x00000000df680000)
  to   space 14336K, 0% used [0x00000000e2200000,0x00000000e2200000,0x00000000e3000000)
 ParOldGen       total 101376K, used 21535K [0x0000000082800000, 0x0000000088b00000, 0x00000000d6300000)
  object space 101376K, 21% used [0x0000000082800000,0x0000000083d07e40,0x0000000088b00000)
 Metaspace       used 40399K, capacity 40900K, committed 41216K, reserved 1085440K
  class space    used 4947K, capacity 5094K, committed 5120K, reserved 1048576K
Event: 8590.963 GC heap after
Heap after GC invocations=12 (full 2):
 PSYoungGen      total 179712K, used 7678K [0x00000000d6300000, 0x00000000e2980000, 0x0000000100000000)
  eden space 172032K, 0% used [0x00000000d6300000,0x00000000d6300000,0x00000000e0b00000)
  from space 7680K, 99% used [0x00000000e2200000,0x00000000e297fb08,0x00000000e2980000)
  to   space 13824K, 0% used [0x00000000e0e80000,0x00000000e0e80000,0x00000000e1c00000)
 ParOldGen       total 101376K, used 21543K [0x0000000082800000, 0x0000000088b00000, 0x00000000d6300000)
  object space 101376K, 21% used [0x0000000082800000,0x0000000083d09e40,0x0000000088b00000)
 Metaspace       used 40399K, capacity 40900K, committed 41216K, reserved 1085440K
  class space    used 4947K, capacity 5094K, committed 5120K, reserved 1048576K
}

